This is pdfTeX, Version 3.141592653-2.6-1.40.26 (TeX Live 2024/Homebrew) (preloaded format=pdflatex 2025.1.26)  14 AUG 2025 22:11
entering extended mode
 \write18 enabled.
 file:line:error style messages enabled.
 %&-line parsing enabled.
**master.tex
(./master.tex
LaTeX2e <2023-11-01> patch level 1
L3 programming layer <2024-02-20>
(/usr/local/Cellar/texlive/20240312_3/share/texmf-dist/tex/latex/base/article.cls
Document Class: article 2023/05/17 v1.4n Standard LaTeX document class
(/usr/local/Cellar/texlive/20240312_3/share/texmf-dist/tex/latex/base/size10.clo
File: size10.clo 2023/05/17 v1.4n Standard LaTeX file (size option)
)
\c@part=\count188
\c@section=\count189
\c@subsection=\count190
\c@subsubsection=\count191
\c@paragraph=\count192
\c@subparagraph=\count193
\c@figure=\count194
\c@table=\count195
\abovecaptionskip=\skip48
\belowcaptionskip=\skip49
\bibindent=\dimen140
) (/usr/local/Cellar/texlive/20240312_3/share/texmf-dist/tex/latex/standalone/standalone.sty
Package: standalone 2022/10/10 v1.3b Package to include TeX sub-files with preambles
 (/usr/local/Cellar/texlive/20240312_3/share/texmf-dist/tex/latex/tools/shellesc.sty
Package: shellesc 2023/07/08 v1.0d unified shell escape interface for LaTeX
Package shellesc Info: Unrestricted shell escape enabled on input line 75.
) (/usr/local/Cellar/texlive/20240312_3/share/texmf-dist/tex/generic/iftex/ifluatex.sty
Package: ifluatex 2019/10/25 v1.5 ifluatex legacy package. Use iftex instead.
 (/usr/local/Cellar/texlive/20240312_3/share/texmf-dist/tex/generic/iftex/iftex.sty
Package: iftex 2022/02/03 v1.0f TeX engine tests
)) (/usr/local/Cellar/texlive/20240312_3/share/texmf-dist/tex/latex/xkeyval/xkeyval.sty
Package: xkeyval 2022/06/16 v2.9 package option processing (HA)
 (/usr/local/Cellar/texlive/20240312_3/share/texmf-dist/tex/generic/xkeyval/xkeyval.tex (/usr/local/Cellar/texlive/20240312_3/share/texmf-dist/tex/generic/xkeyval/xkvutils.tex
\XKV@toks=\toks17
\XKV@tempa@toks=\toks18
 (/usr/local/Cellar/texlive/20240312_3/share/texmf-dist/tex/generic/xkeyval/keyval.tex))
\XKV@depth=\count196
File: xkeyval.tex 2014/12/03 v2.7a key=value parser (HA)
)) (/usr/local/Cellar/texlive/20240312_3/share/texmf-dist/tex/latex/currfile/currfile.sty
Package: currfile 2022/10/10 v0.8 Provides the file path elements of the current input file
 (/usr/local/Cellar/texlive/20240312_3/share/texmf-dist/tex/latex/kvoptions/kvoptions.sty
Package: kvoptions 2022-06-15 v3.15 Key value format for package options (HO)
 (/usr/local/Cellar/texlive/20240312_3/share/texmf-dist/tex/generic/ltxcmds/ltxcmds.sty
Package: ltxcmds 2023-12-04 v1.26 LaTeX kernel commands for general use (HO)
) (/usr/local/Cellar/texlive/20240312_3/share/texmf-dist/tex/latex/kvsetkeys/kvsetkeys.sty
Package: kvsetkeys 2022-10-05 v1.19 Key value parser (HO)
)) (/usr/local/Cellar/texlive/20240312_3/share/texmf-dist/tex/latex/filehook/filehook.sty
Package: filehook 2022/10/25 v0.8b Hooks for input files
 (/usr/local/Cellar/texlive/20240312_3/share/texmf-dist/tex/latex/filehook/filehook-2020.sty
Package: filehook-2020 2022/10/25 v0.8b Hooks for input files
))
\c@currfiledepth=\count197
) (/usr/local/Cellar/texlive/20240312_3/share/texmf-dist/tex/latex/gincltex/gincltex.sty (/usr/local/Cellar/texlive/20240312_3/share/texmf-dist/tex/latex/svn-prov/svn-prov.sty
Package: svn-prov 2010/04/24 v3.1862 Package Date/Version from SVN Keywords
)
Package: gincltex 2011/09/04 v0.3 Include external LaTeX files like graphics
 (/usr/local/Cellar/texlive/20240312_3/share/texmf-dist/tex/latex/adjustbox/adjustbox.sty
Package: adjustbox 2022/10/17 v1.3a Adjusting TeX boxes (trim, clip, ...)
 (/usr/local/Cellar/texlive/20240312_3/share/texmf-dist/tex/latex/adjustbox/adjcalc.sty
Package: adjcalc 2012/05/16 v1.1 Provides advanced setlength with multiple back-ends (calc, etex, pgfmath)
) (/usr/local/Cellar/texlive/20240312_3/share/texmf-dist/tex/latex/adjustbox/trimclip.sty
Package: trimclip 2020/08/19 v1.2 Trim and clip general TeX material
 (/usr/local/Cellar/texlive/20240312_3/share/texmf-dist/tex/latex/graphics/graphicx.sty
Package: graphicx 2021/09/16 v1.2d Enhanced LaTeX Graphics (DPC,SPQR)
 (/usr/local/Cellar/texlive/20240312_3/share/texmf-dist/tex/latex/graphics/graphics.sty
Package: graphics 2022/03/10 v1.4e Standard LaTeX Graphics (DPC,SPQR)

(/usr/local/Cellar/texlive/20240312_3/share/texmf-dist/tex/latex/graphics/trig.sty
Package: trig 2021/08/11 v1.11 sin cos tan (DPC)
) (/usr/local/Cellar/texlive/20240312_3/share/texmf-dist/tex/latex/graphics-cfg/graphics.cfg
File: graphics.cfg 2016/06/04 v1.11 sample graphics configuration
)
Package graphics Info: Driver file: pdftex.def on input line 107.
 (/usr/local/Cellar/texlive/20240312_3/share/texmf-dist/tex/latex/graphics-def/pdftex.def
File: pdftex.def 2022/09/22 v1.2b Graphics/color driver for pdftex
))
\Gin@req@height=\dimen141
\Gin@req@width=\dimen142
) (/usr/local/Cellar/texlive/20240312_3/share/texmf-dist/tex/latex/collectbox/collectbox.sty
Package: collectbox 2022/10/17 v0.4c Collect macro arguments as boxes
\collectedbox=\box51
)
\tc@llx=\dimen143
\tc@lly=\dimen144
\tc@urx=\dimen145
\tc@ury=\dimen146
Package trimclip Info: Using driver 'tc-pdftex.def'.
 (/usr/local/Cellar/texlive/20240312_3/share/texmf-dist/tex/latex/adjustbox/tc-pdftex.def
File: tc-pdftex.def 2019/01/04 v2.2 Clipping driver for pdftex
))
\adjbox@Width=\dimen147
\adjbox@Height=\dimen148
\adjbox@Depth=\dimen149
\adjbox@Totalheight=\dimen150
\adjbox@pwidth=\dimen151
\adjbox@pheight=\dimen152
\adjbox@pdepth=\dimen153
\adjbox@ptotalheight=\dimen154
 (/usr/local/Cellar/texlive/20240312_3/share/texmf-dist/tex/latex/ifoddpage/ifoddpage.sty
Package: ifoddpage 2022/10/18 v1.2 Conditionals for odd/even page detection
\c@checkoddpage=\count198
) (/usr/local/Cellar/texlive/20240312_3/share/texmf-dist/tex/latex/varwidth/varwidth.sty
Package: varwidth 2009/03/30 ver 0.92;  Variable-width minipages
\@vwid@box=\box52
\sift@deathcycles=\count199
\@vwid@loff=\dimen155
\@vwid@roff=\dimen156
))
\gincltex@box=\box53
) (/usr/local/Cellar/texlive/20240312_3/share/texmf-dist/tex/latex/filemod/filemod-expmin.sty
Package: filemod-expmin 2011/09/19 v1.2 Get and compare file modification times (expandable; minimal)
)) (/usr/local/Cellar/texlive/20240312_3/share/texmf-dist/tex/latex/import/import.sty
Package: import 2020/04/01  v 6.2
) (../../../../newpreamble.tex (/usr/local/Cellar/texlive/20240312_3/share/texmf-dist/tex/latex/base/inputenc.sty
Package: inputenc 2021/02/14 v1.3d Input encoding file
\inpenc@prehook=\toks19
\inpenc@posthook=\toks20
) (/usr/local/Cellar/texlive/20240312_3/share/texmf-dist/tex/latex/base/fontenc.sty
Package: fontenc 2021/04/29 v2.0v Standard LaTeX package
) (/usr/local/Cellar/texlive/20240312_3/share/texmf-dist/tex/latex/base/textcomp.sty
Package: textcomp 2020/02/02 v2.0n Standard LaTeX package
) (/usr/local/Cellar/texlive/20240312_3/share/texmf-dist/tex/latex/hyperref/hyperref.sty
Package: hyperref 2024-01-20 v7.01h Hypertext links for LaTeX
 (/usr/local/Cellar/texlive/20240312_3/share/texmf-dist/tex/generic/kvdefinekeys/kvdefinekeys.sty
Package: kvdefinekeys 2019-12-19 v1.6 Define keys (HO)
) (/usr/local/Cellar/texlive/20240312_3/share/texmf-dist/tex/generic/pdfescape/pdfescape.sty
Package: pdfescape 2019/12/09 v1.15 Implements pdfTeX's escape features (HO)
 (/usr/local/Cellar/texlive/20240312_3/share/texmf-dist/tex/generic/pdftexcmds/pdftexcmds.sty
Package: pdftexcmds 2020-06-27 v0.33 Utility functions of pdfTeX for LuaTeX (HO)
 (/usr/local/Cellar/texlive/20240312_3/share/texmf-dist/tex/generic/infwarerr/infwarerr.sty
Package: infwarerr 2019/12/03 v1.5 Providing info/warning/error messages (HO)
)
Package pdftexcmds Info: \pdf@primitive is available.
Package pdftexcmds Info: \pdf@ifprimitive is available.
Package pdftexcmds Info: \pdfdraftmode found.
)) (/usr/local/Cellar/texlive/20240312_3/share/texmf-dist/tex/latex/hycolor/hycolor.sty
Package: hycolor 2020-01-27 v1.10 Color options for hyperref/bookmark (HO)
) (/usr/local/Cellar/texlive/20240312_3/share/texmf-dist/tex/latex/auxhook/auxhook.sty
Package: auxhook 2019-12-17 v1.6 Hooks for auxiliary files (HO)
) (/usr/local/Cellar/texlive/20240312_3/share/texmf-dist/tex/latex/hyperref/nameref.sty
Package: nameref 2023-11-26 v2.56 Cross-referencing by name of section
 (/usr/local/Cellar/texlive/20240312_3/share/texmf-dist/tex/latex/refcount/refcount.sty
Package: refcount 2019/12/15 v3.6 Data extraction from label references (HO)
) (/usr/local/Cellar/texlive/20240312_3/share/texmf-dist/tex/generic/gettitlestring/gettitlestring.sty
Package: gettitlestring 2019/12/15 v1.6 Cleanup title references (HO)
)
\c@section@level=\count266
) (/usr/local/Cellar/texlive/20240312_3/share/texmf-dist/tex/latex/etoolbox/etoolbox.sty
Package: etoolbox 2020/10/05 v2.5k e-TeX tools for LaTeX (JAW)
\etb@tempcnta=\count267
)
\@linkdim=\dimen157
\Hy@linkcounter=\count268
\Hy@pagecounter=\count269
 (/usr/local/Cellar/texlive/20240312_3/share/texmf-dist/tex/latex/hyperref/pd1enc.def
File: pd1enc.def 2024-01-20 v7.01h Hyperref: PDFDocEncoding definition (HO)
Now handling font encoding PD1 ...
... no UTF-8 mapping file for font encoding PD1
) (/usr/local/Cellar/texlive/20240312_3/share/texmf-dist/tex/generic/intcalc/intcalc.sty
Package: intcalc 2019/12/15 v1.3 Expandable calculations with integers (HO)
)
\Hy@SavedSpaceFactor=\count270
 (/usr/local/Cellar/texlive/20240312_3/share/texmf-dist/tex/latex/hyperref/puenc.def
File: puenc.def 2024-01-20 v7.01h Hyperref: PDF Unicode definition (HO)
Now handling font encoding PU ...
... no UTF-8 mapping file for font encoding PU
)
Package hyperref Info: Hyper figures OFF on input line 4179.
Package hyperref Info: Link nesting OFF on input line 4184.
Package hyperref Info: Hyper index ON on input line 4187.
Package hyperref Info: Plain pages OFF on input line 4194.
Package hyperref Info: Backreferencing OFF on input line 4199.
Package hyperref Info: Implicit mode ON; LaTeX internals redefined.
Package hyperref Info: Bookmarks ON on input line 4446.
\c@Hy@tempcnt=\count271
 (/usr/local/Cellar/texlive/20240312_3/share/texmf-dist/tex/latex/url/url.sty
\Urlmuskip=\muskip16
Package: url 2013/09/16  ver 3.4  Verb mode for urls, etc.
)
LaTeX Info: Redefining \url on input line 4784.
\XeTeXLinkMargin=\dimen158
 (/usr/local/Cellar/texlive/20240312_3/share/texmf-dist/tex/generic/bitset/bitset.sty
Package: bitset 2019/12/09 v1.3 Handle bit-vector datatype (HO)
 (/usr/local/Cellar/texlive/20240312_3/share/texmf-dist/tex/generic/bigintcalc/bigintcalc.sty
Package: bigintcalc 2019/12/15 v1.5 Expandable calculations on big integers (HO)
))
\Fld@menulength=\count272
\Field@Width=\dimen159
\Fld@charsize=\dimen160
Package hyperref Info: Hyper figures OFF on input line 6063.
Package hyperref Info: Link nesting OFF on input line 6068.
Package hyperref Info: Hyper index ON on input line 6071.
Package hyperref Info: backreferencing OFF on input line 6078.
Package hyperref Info: Link coloring OFF on input line 6083.
Package hyperref Info: Link coloring with OCG OFF on input line 6088.
Package hyperref Info: PDF/A mode OFF on input line 6093.
 (/usr/local/Cellar/texlive/20240312_3/share/texmf-dist/tex/latex/base/atbegshi-ltx.sty
Package: atbegshi-ltx 2021/01/10 v1.0c Emulation of the original atbegshi
package with kernel methods
)
\Hy@abspage=\count273
\c@Item=\count274
\c@Hfootnote=\count275
)
Package hyperref Info: Driver (autodetected): hpdftex.
 (/usr/local/Cellar/texlive/20240312_3/share/texmf-dist/tex/latex/hyperref/hpdftex.def
File: hpdftex.def 2024-01-20 v7.01h Hyperref driver for pdfTeX
 (/usr/local/Cellar/texlive/20240312_3/share/texmf-dist/tex/latex/base/atveryend-ltx.sty
Package: atveryend-ltx 2020/08/19 v1.0a Emulation of the original atveryend package
with kernel methods
)
\Fld@listcount=\count276
\c@bookmark@seq@number=\count277
 (/usr/local/Cellar/texlive/20240312_3/share/texmf-dist/tex/latex/rerunfilecheck/rerunfilecheck.sty
Package: rerunfilecheck 2022-07-10 v1.10 Rerun checks for auxiliary files (HO)
 (/usr/local/Cellar/texlive/20240312_3/share/texmf-dist/tex/generic/uniquecounter/uniquecounter.sty
Package: uniquecounter 2019/12/15 v1.4 Provide unlimited unique counter (HO)
)
Package uniquecounter Info: New unique counter `rerunfilecheck' on input line 285.
)
\Hy@SectionHShift=\skip50
) (/usr/local/Cellar/texlive/20240312_3/share/texmf-dist/tex/generic/babel/babel.sty
Package: babel 2024/02/07 v24.2 The Babel package
\babel@savecnt=\count278
\U@D=\dimen161
\l@unhyphenated=\language89
 (/usr/local/Cellar/texlive/20240312_3/share/texmf-dist/tex/generic/babel/txtbabel.def)
\bbl@readstream=\read2
\bbl@dirlevel=\count279
 (/usr/local/Cellar/texlive/20240312_3/share/texmf-dist/tex/generic/babel-english/english.ldf
Language: english 2017/06/06 v3.3r English support from the babel system
Package babel Info: Hyphen rules for 'canadian' set to \l@english
(babel)             (\language0). Reported on input line 102.
Package babel Info: Hyphen rules for 'australian' set to \l@ukenglish
(babel)             (\language23). Reported on input line 105.
Package babel Info: Hyphen rules for 'newzealand' set to \l@ukenglish
(babel)             (\language23). Reported on input line 108.
)) (/usr/local/Cellar/texlive/20240312_3/share/texmf-dist/tex/generic/babel/locale/en/babel-english.tex
Package babel Info: Importing font and identification data for english
(babel)             from babel-en.ini. Reported on input line 11.
) (/usr/local/Cellar/texlive/20240312_3/share/texmf-dist/tex/latex/float/float.sty
Package: float 2001/11/08 v1.3d Float enhancements (AL)
\c@float@type=\count280
\float@exts=\toks21
\float@box=\box54
\@float@everytoks=\toks22
\@floatcapt=\box55
) (/usr/local/Cellar/texlive/20240312_3/share/texmf-dist/tex/latex/booktabs/booktabs.sty
Package: booktabs 2020/01/12 v1.61803398 Publication quality tables
\heavyrulewidth=\dimen162
\lightrulewidth=\dimen163
\cmidrulewidth=\dimen164
\belowrulesep=\dimen165
\belowbottomsep=\dimen166
\aboverulesep=\dimen167
\abovetopsep=\dimen168
\cmidrulesep=\dimen169
\cmidrulekern=\dimen170
\defaultaddspace=\dimen171
\@cmidla=\count281
\@cmidlb=\count282
\@aboverulesep=\dimen172
\@belowrulesep=\dimen173
\@thisruleclass=\count283
\@lastruleclass=\count284
\@thisrulewidth=\dimen174
) (/usr/local/Cellar/texlive/20240312_3/share/texmf-dist/tex/latex/enumitem/enumitem.sty
Package: enumitem 2019/06/20 v3.9 Customized lists
\enitkv@toks@=\toks23
\labelindent=\skip51
\enit@outerparindent=\dimen175
\enit@toks=\toks24
\enit@inbox=\box56
\enit@count@id=\count285
\enitdp@description=\count286
) (/usr/local/Cellar/texlive/20240312_3/share/texmf-dist/tex/latex/emptypage/emptypage.sty
Package: emptypage 2010/05/30 v1.2 Suppress page numbers and headings on empty pages
) (/usr/local/Cellar/texlive/20240312_3/share/texmf-dist/tex/latex/caption/subcaption.sty
Package: subcaption 2023/07/28 v1.6b Sub-captions (AR)
 (/usr/local/Cellar/texlive/20240312_3/share/texmf-dist/tex/latex/caption/caption.sty
Package: caption 2023/08/05 v3.6o Customizing captions (AR)

(/usr/local/Cellar/texlive/20240312_3/share/texmf-dist/tex/latex/caption/caption3.sty
Package: caption3 2023/07/31 v2.4d caption3 kernel (AR)
\caption@tempdima=\dimen176
\captionmargin=\dimen177
\caption@leftmargin=\dimen178
\caption@rightmargin=\dimen179
\caption@width=\dimen180
\caption@indent=\dimen181
\caption@parindent=\dimen182
\caption@hangindent=\dimen183
Package caption Info: Standard document class detected.
)
\c@caption@flags=\count287
\c@continuedfloat=\count288
Package caption Info: float package is loaded.
Package caption Info: hyperref package is loaded.
)
Package caption Info: New subtype `subfigure' on input line 238.
\c@subfigure=\count289
Package caption Info: New subtype `subtable' on input line 238.
\c@subtable=\count290
) (/usr/local/Cellar/texlive/20240312_3/share/texmf-dist/tex/latex/tools/multicol.sty
Package: multicol 2023/03/30 v1.9f multicolumn formatting (FMi)
\c@tracingmulticols=\count291
\mult@box=\box57
\multicol@leftmargin=\dimen184
\c@unbalance=\count292
\c@collectmore=\count293
\doublecol@number=\count294
\multicoltolerance=\count295
\multicolpretolerance=\count296
\full@width=\dimen185
\page@free=\dimen186
\premulticols=\dimen187
\postmulticols=\dimen188
\multicolsep=\skip52
\multicolbaselineskip=\skip53
\partial@page=\box58
\last@line=\box59
\mc@boxedresult=\box60
\maxbalancingoverflow=\dimen189
\mult@rightbox=\box61
\mult@grightbox=\box62
\mult@firstbox=\box63
\mult@gfirstbox=\box64
\@tempa=\box65
\@tempa=\box66
\@tempa=\box67
\@tempa=\box68
\@tempa=\box69
\@tempa=\box70
\@tempa=\box71
\@tempa=\box72
\@tempa=\box73
\@tempa=\box74
\@tempa=\box75
\@tempa=\box76
\@tempa=\box77
\@tempa=\box78
\@tempa=\box79
\@tempa=\box80
\@tempa=\box81
\@tempa=\box82
\@tempa=\box83
\@tempa=\box84
\@tempa=\box85
\@tempa=\box86
\@tempa=\box87
\@tempa=\box88
\@tempa=\box89
\@tempa=\box90
\@tempa=\box91
\@tempa=\box92
\@tempa=\box93
\@tempa=\box94
\@tempa=\box95
\@tempa=\box96
\@tempa=\box97
\@tempa=\box98
\@tempa=\box99
\@tempa=\box100
\c@minrows=\count297
\c@columnbadness=\count298
\c@finalcolumnbadness=\count299
\last@try=\dimen190
\multicolovershoot=\dimen191
\multicolundershoot=\dimen192
\mult@nat@firstbox=\box101
\colbreak@box=\box102
\mc@col@check@num=\count300
) (/usr/local/Cellar/texlive/20240312_3/share/texmf-dist/tex/latex/xcolor/xcolor.sty
Package: xcolor 2023/11/15 v3.01 LaTeX color extensions (UK)
 (/usr/local/Cellar/texlive/20240312_3/share/texmf-dist/tex/latex/graphics-cfg/color.cfg
File: color.cfg 2016/01/02 v1.6 sample color configuration
)

Package xcolor Warning: Package option `usenames' is obsolete and ignored on input line 266.

Package xcolor Info: Driver file: pdftex.def on input line 274.
(/usr/local/Cellar/texlive/20240312_3/share/texmf-dist/tex/latex/graphics/mathcolor.ltx)
Package xcolor Info: Model `cmy' substituted by `cmy0' on input line 1350.
Package xcolor Info: Model `hsb' substituted by `rgb' on input line 1354.
Package xcolor Info: Model `RGB' extended on input line 1366.
Package xcolor Info: Model `HTML' substituted by `rgb' on input line 1368.
Package xcolor Info: Model `Hsb' substituted by `hsb' on input line 1369.
Package xcolor Info: Model `tHsb' substituted by `hsb' on input line 1370.
Package xcolor Info: Model `HSB' substituted by `hsb' on input line 1371.
Package xcolor Info: Model `Gray' substituted by `gray' on input line 1372.
Package xcolor Info: Model `wave' substituted by `hsb' on input line 1373.
) (/usr/local/Cellar/texlive/20240312_3/share/texmf-dist/tex/latex/graphics/dvipsnam.def
File: dvipsnam.def 2016/06/17 v3.0m Driver-dependent file (DPC,SPQR)
) (/usr/local/Cellar/texlive/20240312_3/share/texmf-dist/tex/latex/ocgx/ocgx.sty
Package: ocgx 2012/11/14 v0.5{} manage OCG in PDF document
 (/usr/local/Cellar/texlive/20240312_3/share/texmf-dist/tex/latex/ocg-p/ocg-p.sty
Package: ocg-p 2013/01/10 v0.4 Optional Content Group in a PDF document
 (/usr/local/Cellar/texlive/20240312_3/share/texmf-dist/tex/latex/eso-pic/eso-pic.sty
Package: eso-pic 2023/05/03 v3.0c eso-pic (RN)
\ESO@tempdima=\dimen193
\ESO@tempdimb=\dimen194
) (/usr/local/Cellar/texlive/20240312_3/share/texmf-dist/tex/generic/iftex/ifpdf.sty
Package: ifpdf 2019/10/25 v3.4 ifpdf legacy package. Use iftex instead.
) (/usr/local/Cellar/texlive/20240312_3/share/texmf-dist/tex/generic/iftex/ifxetex.sty
Package: ifxetex 2019/10/25 v0.7 ifxetex legacy package. Use iftex instead.
)
\@ocgp@num=\count301
\@ocgp@tonum=\count302
\@ocgp@sonum=\count303
)) (/usr/local/Cellar/texlive/20240312_3/share/texmf-dist/tex/latex/geometry/geometry.sty
Package: geometry 2020/01/02 v5.9 Page Geometry
 (/usr/local/Cellar/texlive/20240312_3/share/texmf-dist/tex/generic/iftex/ifvtex.sty
Package: ifvtex 2019/10/25 v1.7 ifvtex legacy package. Use iftex instead.
)
\Gm@cnth=\count304
\Gm@cntv=\count305
\c@Gm@tempcnt=\count306
\Gm@bindingoffset=\dimen195
\Gm@wd@mp=\dimen196
\Gm@odd@mp=\dimen197
\Gm@even@mp=\dimen198
\Gm@layoutwidth=\dimen199
\Gm@layoutheight=\dimen256
\Gm@layouthoffset=\dimen257
\Gm@layoutvoffset=\dimen258
\Gm@dimlist=\toks25
) (/usr/local/Cellar/texlive/20240312_3/share/texmf-dist/tex/latex/amsmath/amsmath.sty
Package: amsmath 2023/05/13 v2.17o AMS math features
\@mathmargin=\skip54

For additional information on amsmath, use the `?' option.
(/usr/local/Cellar/texlive/20240312_3/share/texmf-dist/tex/latex/amsmath/amstext.sty
Package: amstext 2021/08/26 v2.01 AMS text
 (/usr/local/Cellar/texlive/20240312_3/share/texmf-dist/tex/latex/amsmath/amsgen.sty
File: amsgen.sty 1999/11/30 v2.0 generic functions
\@emptytoks=\toks26
\ex@=\dimen259
)) (/usr/local/Cellar/texlive/20240312_3/share/texmf-dist/tex/latex/amsmath/amsbsy.sty
Package: amsbsy 1999/11/29 v1.2d Bold Symbols
\pmbraise@=\dimen260
) (/usr/local/Cellar/texlive/20240312_3/share/texmf-dist/tex/latex/amsmath/amsopn.sty
Package: amsopn 2022/04/08 v2.04 operator names
)
\inf@bad=\count307
LaTeX Info: Redefining \frac on input line 234.
\uproot@=\count308
\leftroot@=\count309
LaTeX Info: Redefining \overline on input line 399.
LaTeX Info: Redefining \colon on input line 410.
\classnum@=\count310
\DOTSCASE@=\count311
LaTeX Info: Redefining \ldots on input line 496.
LaTeX Info: Redefining \dots on input line 499.
LaTeX Info: Redefining \cdots on input line 620.
\Mathstrutbox@=\box103
\strutbox@=\box104
LaTeX Info: Redefining \big on input line 722.
LaTeX Info: Redefining \Big on input line 723.
LaTeX Info: Redefining \bigg on input line 724.
LaTeX Info: Redefining \Bigg on input line 725.
\big@size=\dimen261
LaTeX Font Info:    Redeclaring font encoding OML on input line 743.
LaTeX Font Info:    Redeclaring font encoding OMS on input line 744.
\macc@depth=\count312
LaTeX Info: Redefining \bmod on input line 905.
LaTeX Info: Redefining \pmod on input line 910.
LaTeX Info: Redefining \smash on input line 940.
LaTeX Info: Redefining \relbar on input line 970.
LaTeX Info: Redefining \Relbar on input line 971.
\c@MaxMatrixCols=\count313
\dotsspace@=\muskip17
\c@parentequation=\count314
\dspbrk@lvl=\count315
\tag@help=\toks27
\row@=\count316
\column@=\count317
\maxfields@=\count318
\andhelp@=\toks28
\eqnshift@=\dimen262
\alignsep@=\dimen263
\tagshift@=\dimen264
\tagwidth@=\dimen265
\totwidth@=\dimen266
\lineht@=\dimen267
\@envbody=\toks29
\multlinegap=\skip55
\multlinetaggap=\skip56
\mathdisplay@stack=\toks30
LaTeX Info: Redefining \[ on input line 2953.
LaTeX Info: Redefining \] on input line 2954.
) (/usr/local/Cellar/texlive/20240312_3/share/texmf-dist/tex/latex/amsfonts/amsfonts.sty
Package: amsfonts 2013/01/14 v3.01 Basic AMSFonts support
\symAMSa=\mathgroup4
\symAMSb=\mathgroup5
LaTeX Font Info:    Redeclaring math symbol \hbar on input line 98.
LaTeX Font Info:    Overwriting math alphabet `\mathfrak' in version `bold'
(Font)                  U/euf/m/n --> U/euf/b/n on input line 106.
) (/usr/local/Cellar/texlive/20240312_3/share/texmf-dist/tex/latex/mathtools/mathtools.sty
Package: mathtools 2024/03/11 v1.30 mathematical typesetting tools
 (/usr/local/Cellar/texlive/20240312_3/share/texmf-dist/tex/latex/tools/calc.sty
Package: calc 2023/07/08 v4.3 Infix arithmetic (KKT,FJ)
\calc@Acount=\count319
\calc@Bcount=\count320
\calc@Adimen=\dimen268
\calc@Bdimen=\dimen269
\calc@Askip=\skip57
\calc@Bskip=\skip58
LaTeX Info: Redefining \setlength on input line 80.
LaTeX Info: Redefining \addtolength on input line 81.
\calc@Ccount=\count321
\calc@Cskip=\skip59
) (/usr/local/Cellar/texlive/20240312_3/share/texmf-dist/tex/latex/mathtools/mhsetup.sty
Package: mhsetup 2021/03/18 v1.4 programming setup (MH)
)
\g_MT_multlinerow_int=\count322
\l_MT_multwidth_dim=\dimen270
\origjot=\skip60
\l_MT_shortvdotswithinadjustabove_dim=\dimen271
\l_MT_shortvdotswithinadjustbelow_dim=\dimen272
\l_MT_above_intertext_sep=\dimen273
\l_MT_below_intertext_sep=\dimen274
\l_MT_above_shortintertext_sep=\dimen275
\l_MT_below_shortintertext_sep=\dimen276
\xmathstrut@box=\box105
\xmathstrut@dim=\dimen277
) (/usr/local/Cellar/texlive/20240312_3/share/texmf-dist/tex/latex/amscls/amsthm.sty
Package: amsthm 2020/05/29 v2.20.6
\thm@style=\toks31
\thm@bodyfont=\toks32
\thm@headfont=\toks33
\thm@notefont=\toks34
\thm@headpunct=\toks35
\thm@preskip=\skip61
\thm@postskip=\skip62
\thm@headsep=\skip63
\dth@everypar=\toks36
) (/usr/local/Cellar/texlive/20240312_3/share/texmf-dist/tex/latex/amsfonts/amssymb.sty
Package: amssymb 2013/01/14 v3.01 AMS font symbols
) (/usr/local/Cellar/texlive/20240312_3/share/texmf-dist/tex/latex/thmtools/thmtools.sty
Package: thmtools 2023/05/04 v0.76
\thmt@toks=\toks37
\c@thmt@dummyctr=\count323
 (/usr/local/Cellar/texlive/20240312_3/share/texmf-dist/tex/latex/thmtools/thm-patch.sty
Package: thm-patch 2023/05/04 v0.76
 (/usr/local/Cellar/texlive/20240312_3/share/texmf-dist/tex/latex/thmtools/parseargs.sty
Package: parseargs 2023/05/04 v0.76
\@parsespec=\toks38
)) (/usr/local/Cellar/texlive/20240312_3/share/texmf-dist/tex/latex/thmtools/thm-kv.sty
Package: thm-kv 2023/05/04 v0.76
Package thm-kv Info: Theorem names will be uppercased on input line 42.
Package thm-kv Info: kvsetkeys patch (v1.16 or later) on input line 158.
) (/usr/local/Cellar/texlive/20240312_3/share/texmf-dist/tex/latex/thmtools/thm-autoref.sty
Package: thm-autoref 2023/05/04 v0.76
 (/usr/local/Cellar/texlive/20240312_3/share/texmf-dist/tex/latex/thmtools/aliasctr.sty
Package: aliasctr 2023/05/04 v0.76
)) (/usr/local/Cellar/texlive/20240312_3/share/texmf-dist/tex/latex/thmtools/thm-listof.sty
Package: thm-listof 2023/05/04 v0.76
) (/usr/local/Cellar/texlive/20240312_3/share/texmf-dist/tex/latex/thmtools/thm-restate.sty
Package: thm-restate 2023/05/04 v0.76
) (/usr/local/Cellar/texlive/20240312_3/share/texmf-dist/tex/latex/thmtools/thm-amsthm.sty
Package: thm-amsthm 2023/05/04 v0.76
\thmt@style@headstyle=\toks39
)) (/usr/local/Cellar/texlive/20240312_3/share/texmf-dist/tex/latex/jknapltx/mathrsfs.sty
Package: mathrsfs 1996/01/01 Math RSFS package v1.0 (jk)
\symrsfs=\mathgroup6
) (/usr/local/Cellar/texlive/20240312_3/share/texmf-dist/tex/latex/cancel/cancel.sty
Package: cancel 2013/04/12 v2.2 Cancel math terms
) (/usr/local/Cellar/texlive/20240312_3/share/texmf-dist/tex/latex/tools/bm.sty
Package: bm 2023/07/08 v1.2f Bold Symbol Support (DPC/FMi)
\symboldoperators=\mathgroup7
\symboldletters=\mathgroup8
\symboldsymbols=\mathgroup9
Package bm Info: No bold for \OMX/cmex/m/n, using \pmb.
Package bm Info: No bold for \U/msa/m/n, using \pmb.
Package bm Info: No bold for \U/msb/m/n, using \pmb.
Package bm Info: No bold for \U/rsfs/m/n, using \pmb.
LaTeX Font Info:    Redeclaring math alphabet \mathbf on input line 149.
) (/usr/local/Cellar/texlive/20240312_3/share/texmf-dist/tex/generic/systeme/systeme.sty
(/usr/local/Cellar/texlive/20240312_3/share/texmf-dist/tex/generic/xstring/xstring.sty (/usr/local/Cellar/texlive/20240312_3/share/texmf-dist/tex/generic/xstring/xstring.tex
\xs_counta=\count324
\xs_countb=\count325
)
Package: xstring 2023/08/22 v1.86 String manipulations (CT)
) (/usr/local/Cellar/texlive/20240312_3/share/texmf-dist/tex/generic/systeme/systeme.tex
\SYS_systemecode=\toks40
\SYS_systempreamble=\toks41
\SYSeqnum=\count326
)
Package: systeme 2020/05/03 v0.34 Mise en forme de systemes d'equations (CT)
) (/usr/local/Cellar/texlive/20240312_3/share/texmf-dist/tex/latex/stmaryrd/stmaryrd.sty
Package: stmaryrd 1994/03/03 St Mary's Road symbol package
\symstmry=\mathgroup10
LaTeX Font Info:    Overwriting symbol font `stmry' in version `bold'
(Font)                  U/stmry/m/n --> U/stmry/b/n on input line 89.
) (/usr/local/Cellar/texlive/20240312_3/share/texmf-dist/tex/latex/siunitx/siunitx.sty
Package: siunitx 2024-02-15 v3.3.12 A comprehensive (SI) units package
\l__siunitx_number_uncert_offset_int=\count327
\l__siunitx_number_exponent_fixed_int=\count328
\l__siunitx_number_min_decimal_int=\count329
\l__siunitx_number_min_integer_int=\count330
\l__siunitx_number_round_precision_int=\count331
\l__siunitx_number_lower_threshold_int=\count332
\l__siunitx_number_upper_threshold_int=\count333
\l__siunitx_number_group_first_int=\count334
\l__siunitx_number_group_size_int=\count335
\l__siunitx_number_group_minimum_int=\count336
\l__siunitx_angle_tmp_dim=\dimen278
\l__siunitx_angle_marker_box=\box106
\l__siunitx_angle_unit_box=\box107
\l__siunitx_compound_count_int=\count337
 (/usr/local/Cellar/texlive/20240312_3/share/texmf-dist/tex/latex/translations/translations.sty
Package: translations 2022/02/05 v1.12 internationalization of LaTeX2e packages (CN)
)
\l__siunitx_table_tmp_box=\box108
\l__siunitx_table_tmp_dim=\dimen279
\l__siunitx_table_column_width_dim=\dimen280
\l__siunitx_table_integer_box=\box109
\l__siunitx_table_decimal_box=\box110
\l__siunitx_table_uncert_box=\box111
\l__siunitx_table_before_box=\box112
\l__siunitx_table_after_box=\box113
\l__siunitx_table_before_dim=\dimen281
\l__siunitx_table_carry_dim=\dimen282
\l__siunitx_unit_tmp_int=\count338
\l__siunitx_unit_position_int=\count339
\l__siunitx_unit_total_int=\count340
 (/usr/local/Cellar/texlive/20240312_3/share/texmf-dist/tex/latex/tools/array.sty
Package: array 2023/10/16 v2.5g Tabular extension package (FMi)
\col@sep=\dimen283
\ar@mcellbox=\box114
\extrarowheight=\dimen284
\NC@list=\toks42
\extratabsurround=\skip64
\backup@length=\skip65
\ar@cellbox=\box115
)) (/usr/local/Cellar/texlive/20240312_3/share/texmf-dist/tex/latex/pgf/frontendlayer/tikz.sty (/usr/local/Cellar/texlive/20240312_3/share/texmf-dist/tex/latex/pgf/basiclayer/pgf.sty (/usr/local/Cellar/texlive/20240312_3/share/texmf-dist/tex/latex/pgf/utilities/pgfrcs.sty (/usr/local/Cellar/texlive/20240312_3/share/texmf-dist/tex/generic/pgf/utilities/pgfutil-common.tex
\pgfutil@everybye=\toks43
\pgfutil@tempdima=\dimen285
\pgfutil@tempdimb=\dimen286
) (/usr/local/Cellar/texlive/20240312_3/share/texmf-dist/tex/generic/pgf/utilities/pgfutil-latex.def
\pgfutil@abb=\box116
) (/usr/local/Cellar/texlive/20240312_3/share/texmf-dist/tex/generic/pgf/utilities/pgfrcs.code.tex (/usr/local/Cellar/texlive/20240312_3/share/texmf-dist/tex/generic/pgf/pgf.revision.tex)
Package: pgfrcs 2023-01-15 v3.1.10 (3.1.10)
))
Package: pgf 2023-01-15 v3.1.10 (3.1.10)
 (/usr/local/Cellar/texlive/20240312_3/share/texmf-dist/tex/latex/pgf/basiclayer/pgfcore.sty (/usr/local/Cellar/texlive/20240312_3/share/texmf-dist/tex/latex/pgf/systemlayer/pgfsys.sty (/usr/local/Cellar/texlive/20240312_3/share/texmf-dist/tex/generic/pgf/systemlayer/pgfsys.code.tex
Package: pgfsys 2023-01-15 v3.1.10 (3.1.10)
 (/usr/local/Cellar/texlive/20240312_3/share/texmf-dist/tex/generic/pgf/utilities/pgfkeys.code.tex
\pgfkeys@pathtoks=\toks44
\pgfkeys@temptoks=\toks45
 (/usr/local/Cellar/texlive/20240312_3/share/texmf-dist/tex/generic/pgf/utilities/pgfkeyslibraryfiltered.code.tex
\pgfkeys@tmptoks=\toks46
))
\pgf@x=\dimen287
\pgf@y=\dimen288
\pgf@xa=\dimen289
\pgf@ya=\dimen290
\pgf@xb=\dimen291
\pgf@yb=\dimen292
\pgf@xc=\dimen293
\pgf@yc=\dimen294
\pgf@xd=\dimen295
\pgf@yd=\dimen296
\w@pgf@writea=\write3
\r@pgf@reada=\read3
\c@pgf@counta=\count341
\c@pgf@countb=\count342
\c@pgf@countc=\count343
\c@pgf@countd=\count344
\t@pgf@toka=\toks47
\t@pgf@tokb=\toks48
\t@pgf@tokc=\toks49
\pgf@sys@id@count=\count345
 (/usr/local/Cellar/texlive/20240312_3/share/texmf-dist/tex/generic/pgf/systemlayer/pgf.cfg
File: pgf.cfg 2023-01-15 v3.1.10 (3.1.10)
)
Driver file for pgf: pgfsys-pdftex.def
 (/usr/local/Cellar/texlive/20240312_3/share/texmf-dist/tex/generic/pgf/systemlayer/pgfsys-pdftex.def
File: pgfsys-pdftex.def 2023-01-15 v3.1.10 (3.1.10)

(/usr/local/Cellar/texlive/20240312_3/share/texmf-dist/tex/generic/pgf/systemlayer/pgfsys-common-pdf.def
File: pgfsys-common-pdf.def 2023-01-15 v3.1.10 (3.1.10)
))) (/usr/local/Cellar/texlive/20240312_3/share/texmf-dist/tex/generic/pgf/systemlayer/pgfsyssoftpath.code.tex
File: pgfsyssoftpath.code.tex 2023-01-15 v3.1.10 (3.1.10)
\pgfsyssoftpath@smallbuffer@items=\count346
\pgfsyssoftpath@bigbuffer@items=\count347
) (/usr/local/Cellar/texlive/20240312_3/share/texmf-dist/tex/generic/pgf/systemlayer/pgfsysprotocol.code.tex
File: pgfsysprotocol.code.tex 2023-01-15 v3.1.10 (3.1.10)
)) (/usr/local/Cellar/texlive/20240312_3/share/texmf-dist/tex/generic/pgf/basiclayer/pgfcore.code.tex
Package: pgfcore 2023-01-15 v3.1.10 (3.1.10)
 (/usr/local/Cellar/texlive/20240312_3/share/texmf-dist/tex/generic/pgf/math/pgfmath.code.tex (/usr/local/Cellar/texlive/20240312_3/share/texmf-dist/tex/generic/pgf/math/pgfmathutil.code.tex) (/usr/local/Cellar/texlive/20240312_3/share/texmf-dist/tex/generic/pgf/math/pgfmathparser.code.tex
\pgfmath@dimen=\dimen297
\pgfmath@count=\count348
\pgfmath@box=\box117
\pgfmath@toks=\toks50
\pgfmath@stack@operand=\toks51
\pgfmath@stack@operation=\toks52
) (/usr/local/Cellar/texlive/20240312_3/share/texmf-dist/tex/generic/pgf/math/pgfmathfunctions.code.tex) (/usr/local/Cellar/texlive/20240312_3/share/texmf-dist/tex/generic/pgf/math/pgfmathfunctions.basic.code.tex) (/usr/local/Cellar/texlive/20240312_3/share/texmf-dist/tex/generic/pgf/math/pgfmathfunctions.trigonometric.code.tex) (/usr/local/Cellar/texlive/20240312_3/share/texmf-dist/tex/generic/pgf/math/pgfmathfunctions.random.code.tex) (/usr/local/Cellar/texlive/20240312_3/share/texmf-dist/tex/generic/pgf/math/pgfmathfunctions.comparison.code.tex) (/usr/local/Cellar/texlive/20240312_3/share/texmf-dist/tex/generic/pgf/math/pgfmathfunctions.base.code.tex) (/usr/local/Cellar/texlive/20240312_3/share/texmf-dist/tex/generic/pgf/math/pgfmathfunctions.round.code.tex) (/usr/local/Cellar/texlive/20240312_3/share/texmf-dist/tex/generic/pgf/math/pgfmathfunctions.misc.code.tex) (/usr/local/Cellar/texlive/20240312_3/share/texmf-dist/tex/generic/pgf/math/pgfmathfunctions.integerarithmetics.code.tex) (/usr/local/Cellar/texlive/20240312_3/share/texmf-dist/tex/generic/pgf/math/pgfmathcalc.code.tex) (/usr/local/Cellar/texlive/20240312_3/share/texmf-dist/tex/generic/pgf/math/pgfmathfloat.code.tex
\c@pgfmathroundto@lastzeros=\count349
))
(/usr/local/Cellar/texlive/20240312_3/share/texmf-dist/tex/generic/pgf/math/pgfint.code.tex) (/usr/local/Cellar/texlive/20240312_3/share/texmf-dist/tex/generic/pgf/basiclayer/pgfcorepoints.code.tex
File: pgfcorepoints.code.tex 2023-01-15 v3.1.10 (3.1.10)
\pgf@picminx=\dimen298
\pgf@picmaxx=\dimen299
\pgf@picminy=\dimen300
\pgf@picmaxy=\dimen301
\pgf@pathminx=\dimen302
\pgf@pathmaxx=\dimen303
\pgf@pathminy=\dimen304
\pgf@pathmaxy=\dimen305
\pgf@xx=\dimen306
\pgf@xy=\dimen307
\pgf@yx=\dimen308
\pgf@yy=\dimen309
\pgf@zx=\dimen310
\pgf@zy=\dimen311
) (/usr/local/Cellar/texlive/20240312_3/share/texmf-dist/tex/generic/pgf/basiclayer/pgfcorepathconstruct.code.tex
File: pgfcorepathconstruct.code.tex 2023-01-15 v3.1.10 (3.1.10)
\pgf@path@lastx=\dimen312
\pgf@path@lasty=\dimen313
) (/usr/local/Cellar/texlive/20240312_3/share/texmf-dist/tex/generic/pgf/basiclayer/pgfcorepathusage.code.tex
File: pgfcorepathusage.code.tex 2023-01-15 v3.1.10 (3.1.10)
\pgf@shorten@end@additional=\dimen314
\pgf@shorten@start@additional=\dimen315
) (/usr/local/Cellar/texlive/20240312_3/share/texmf-dist/tex/generic/pgf/basiclayer/pgfcorescopes.code.tex
File: pgfcorescopes.code.tex 2023-01-15 v3.1.10 (3.1.10)
\pgfpic=\box118
\pgf@hbox=\box119
\pgf@layerbox@main=\box120
\pgf@picture@serial@count=\count350
) (/usr/local/Cellar/texlive/20240312_3/share/texmf-dist/tex/generic/pgf/basiclayer/pgfcoregraphicstate.code.tex
File: pgfcoregraphicstate.code.tex 2023-01-15 v3.1.10 (3.1.10)
\pgflinewidth=\dimen316
) (/usr/local/Cellar/texlive/20240312_3/share/texmf-dist/tex/generic/pgf/basiclayer/pgfcoretransformations.code.tex
File: pgfcoretransformations.code.tex 2023-01-15 v3.1.10 (3.1.10)
\pgf@pt@x=\dimen317
\pgf@pt@y=\dimen318
\pgf@pt@temp=\dimen319
) (/usr/local/Cellar/texlive/20240312_3/share/texmf-dist/tex/generic/pgf/basiclayer/pgfcorequick.code.tex
File: pgfcorequick.code.tex 2023-01-15 v3.1.10 (3.1.10)
) (/usr/local/Cellar/texlive/20240312_3/share/texmf-dist/tex/generic/pgf/basiclayer/pgfcoreobjects.code.tex
File: pgfcoreobjects.code.tex 2023-01-15 v3.1.10 (3.1.10)
) (/usr/local/Cellar/texlive/20240312_3/share/texmf-dist/tex/generic/pgf/basiclayer/pgfcorepathprocessing.code.tex
File: pgfcorepathprocessing.code.tex 2023-01-15 v3.1.10 (3.1.10)
) (/usr/local/Cellar/texlive/20240312_3/share/texmf-dist/tex/generic/pgf/basiclayer/pgfcorearrows.code.tex
File: pgfcorearrows.code.tex 2023-01-15 v3.1.10 (3.1.10)
\pgfarrowsep=\dimen320
) (/usr/local/Cellar/texlive/20240312_3/share/texmf-dist/tex/generic/pgf/basiclayer/pgfcoreshade.code.tex
File: pgfcoreshade.code.tex 2023-01-15 v3.1.10 (3.1.10)
\pgf@max=\dimen321
\pgf@sys@shading@range@num=\count351
\pgf@shadingcount=\count352
) (/usr/local/Cellar/texlive/20240312_3/share/texmf-dist/tex/generic/pgf/basiclayer/pgfcoreimage.code.tex
File: pgfcoreimage.code.tex 2023-01-15 v3.1.10 (3.1.10)
) (/usr/local/Cellar/texlive/20240312_3/share/texmf-dist/tex/generic/pgf/basiclayer/pgfcoreexternal.code.tex
File: pgfcoreexternal.code.tex 2023-01-15 v3.1.10 (3.1.10)
\pgfexternal@startupbox=\box121
) (/usr/local/Cellar/texlive/20240312_3/share/texmf-dist/tex/generic/pgf/basiclayer/pgfcorelayers.code.tex
File: pgfcorelayers.code.tex 2023-01-15 v3.1.10 (3.1.10)
) (/usr/local/Cellar/texlive/20240312_3/share/texmf-dist/tex/generic/pgf/basiclayer/pgfcoretransparency.code.tex
File: pgfcoretransparency.code.tex 2023-01-15 v3.1.10 (3.1.10)
) (/usr/local/Cellar/texlive/20240312_3/share/texmf-dist/tex/generic/pgf/basiclayer/pgfcorepatterns.code.tex
File: pgfcorepatterns.code.tex 2023-01-15 v3.1.10 (3.1.10)
) (/usr/local/Cellar/texlive/20240312_3/share/texmf-dist/tex/generic/pgf/basiclayer/pgfcorerdf.code.tex
File: pgfcorerdf.code.tex 2023-01-15 v3.1.10 (3.1.10)
)))
(/usr/local/Cellar/texlive/20240312_3/share/texmf-dist/tex/generic/pgf/modules/pgfmoduleshapes.code.tex
File: pgfmoduleshapes.code.tex 2023-01-15 v3.1.10 (3.1.10)
\pgfnodeparttextbox=\box122
) (/usr/local/Cellar/texlive/20240312_3/share/texmf-dist/tex/generic/pgf/modules/pgfmoduleplot.code.tex
File: pgfmoduleplot.code.tex 2023-01-15 v3.1.10 (3.1.10)
) (/usr/local/Cellar/texlive/20240312_3/share/texmf-dist/tex/latex/pgf/compatibility/pgfcomp-version-0-65.sty
Package: pgfcomp-version-0-65 2023-01-15 v3.1.10 (3.1.10)
\pgf@nodesepstart=\dimen322
\pgf@nodesepend=\dimen323
) (/usr/local/Cellar/texlive/20240312_3/share/texmf-dist/tex/latex/pgf/compatibility/pgfcomp-version-1-18.sty
Package: pgfcomp-version-1-18 2023-01-15 v3.1.10 (3.1.10)
)) (/usr/local/Cellar/texlive/20240312_3/share/texmf-dist/tex/latex/pgf/utilities/pgffor.sty (/usr/local/Cellar/texlive/20240312_3/share/texmf-dist/tex/latex/pgf/utilities/pgfkeys.sty (/usr/local/Cellar/texlive/20240312_3/share/texmf-dist/tex/generic/pgf/utilities/pgfkeys.code.tex)) (/usr/local/Cellar/texlive/20240312_3/share/texmf-dist/tex/latex/pgf/math/pgfmath.sty (/usr/local/Cellar/texlive/20240312_3/share/texmf-dist/tex/generic/pgf/math/pgfmath.code.tex)) (/usr/local/Cellar/texlive/20240312_3/share/texmf-dist/tex/generic/pgf/utilities/pgffor.code.tex
Package: pgffor 2023-01-15 v3.1.10 (3.1.10)
\pgffor@iter=\dimen324
\pgffor@skip=\dimen325
\pgffor@stack=\toks53
\pgffor@toks=\toks54
)) (/usr/local/Cellar/texlive/20240312_3/share/texmf-dist/tex/generic/pgf/frontendlayer/tikz/tikz.code.tex
Package: tikz 2023-01-15 v3.1.10 (3.1.10)
 (/usr/local/Cellar/texlive/20240312_3/share/texmf-dist/tex/generic/pgf/libraries/pgflibraryplothandlers.code.tex
File: pgflibraryplothandlers.code.tex 2023-01-15 v3.1.10 (3.1.10)
\pgf@plot@mark@count=\count353
\pgfplotmarksize=\dimen326
)
\tikz@lastx=\dimen327
\tikz@lasty=\dimen328
\tikz@lastxsaved=\dimen329
\tikz@lastysaved=\dimen330
\tikz@lastmovetox=\dimen331
\tikz@lastmovetoy=\dimen332
\tikzleveldistance=\dimen333
\tikzsiblingdistance=\dimen334
\tikz@figbox=\box123
\tikz@figbox@bg=\box124
\tikz@tempbox=\box125
\tikz@tempbox@bg=\box126
\tikztreelevel=\count354
\tikznumberofchildren=\count355
\tikznumberofcurrentchild=\count356
\tikz@fig@count=\count357
 (/usr/local/Cellar/texlive/20240312_3/share/texmf-dist/tex/generic/pgf/modules/pgfmodulematrix.code.tex
File: pgfmodulematrix.code.tex 2023-01-15 v3.1.10 (3.1.10)
\pgfmatrixcurrentrow=\count358
\pgfmatrixcurrentcolumn=\count359
\pgf@matrix@numberofcolumns=\count360
)
\tikz@expandcount=\count361
 (/usr/local/Cellar/texlive/20240312_3/share/texmf-dist/tex/generic/pgf/frontendlayer/tikz/libraries/tikzlibrarytopaths.code.tex
File: tikzlibrarytopaths.code.tex 2023-01-15 v3.1.10 (3.1.10)
))) (/usr/local/Cellar/texlive/20240312_3/share/texmf-dist/tex/latex/tikz-cd/tikz-cd.sty
Package: tikz-cd 2021/05/04 v1.0 Commutative diagrams with TikZ
 (/usr/local/Cellar/texlive/20240312_3/share/texmf-dist/tex/generic/tikz-cd/tikzlibrarycd.code.tex (/usr/local/Cellar/texlive/20240312_3/share/texmf-dist/tex/generic/pgf/frontendlayer/tikz/libraries/tikzlibrarymatrix.code.tex
File: tikzlibrarymatrix.code.tex 2023-01-15 v3.1.10 (3.1.10)
) (/usr/local/Cellar/texlive/20240312_3/share/texmf-dist/tex/generic/pgf/frontendlayer/tikz/libraries/tikzlibraryquotes.code.tex
File: tikzlibraryquotes.code.tex 2023-01-15 v3.1.10 (3.1.10)
) (/usr/local/Cellar/texlive/20240312_3/share/texmf-dist/tex/generic/pgf/libraries/pgflibraryarrows.meta.code.tex
File: pgflibraryarrows.meta.code.tex 2023-01-15 v3.1.10 (3.1.10)
\pgfarrowinset=\dimen335
\pgfarrowlength=\dimen336
\pgfarrowwidth=\dimen337
\pgfarrowlinewidth=\dimen338
)))
(/usr/local/Cellar/texlive/20240312_3/share/texmf-dist/tex/generic/pgf/frontendlayer/tikz/libraries/tikzlibraryintersections.code.tex (/usr/local/Cellar/texlive/20240312_3/share/texmf-dist/tex/generic/pgf/libraries/pgflibraryintersections.code.tex (/usr/local/Cellar/texlive/20240312_3/share/texmf-dist/tex/generic/pgf/libraries/pgflibraryfpu.code.tex)
\pgf@intersect@solutions=\count362
)) (/usr/local/Cellar/texlive/20240312_3/share/texmf-dist/tex/generic/pgf/frontendlayer/tikz/libraries/tikzlibraryangles.code.tex
File: tikzlibraryangles.code.tex 2023-01-15 v3.1.10 (3.1.10)
) (/usr/local/Cellar/texlive/20240312_3/share/texmf-dist/tex/generic/pgf/frontendlayer/tikz/libraries/tikzlibrarycalc.code.tex
File: tikzlibrarycalc.code.tex 2023-01-15 v3.1.10 (3.1.10)
) (/usr/local/Cellar/texlive/20240312_3/share/texmf-dist/tex/generic/pgf/frontendlayer/tikz/libraries/tikzlibrarypositioning.code.tex
File: tikzlibrarypositioning.code.tex 2023-01-15 v3.1.10 (3.1.10)
) (/usr/local/Cellar/texlive/20240312_3/share/texmf-dist/tex/latex/pgfplots/pgfplots.sty (/usr/local/Cellar/texlive/20240312_3/share/texmf-dist/tex/generic/pgfplots/pgfplots.revision.tex)
Package: pgfplots 2021/05/15 v1.18.1 Data Visualization (1.18.1)
 (/usr/local/Cellar/texlive/20240312_3/share/texmf-dist/tex/generic/pgfplots/pgfplots.code.tex (/usr/local/Cellar/texlive/20240312_3/share/texmf-dist/tex/generic/pgfplots/pgfplotscore.code.tex
\t@pgfplots@toka=\toks55
\t@pgfplots@tokb=\toks56
\t@pgfplots@tokc=\toks57
\pgfplots@tmpa=\dimen339
\c@pgfplots@coordindex=\count363
\c@pgfplots@scanlineindex=\count364
 (/usr/local/Cellar/texlive/20240312_3/share/texmf-dist/tex/generic/pgfplots/sys/pgfplotssysgeneric.code.tex)) (/usr/local/Cellar/texlive/20240312_3/share/texmf-dist/tex/generic/pgfplots/libs/pgfplotslibrary.code.tex) (/usr/local/Cellar/texlive/20240312_3/share/texmf-dist/tex/generic/pgfplots/oldpgfcompatib/pgfplotsoldpgfsupp_loader.code.tex
Package pgfplots: loading complementary utilities for your pgf version...
\t@pgf@toka=\toks58
\t@pgf@tokb=\toks59
\t@pgf@tokc=\toks60
(/usr/local/Cellar/texlive/20240312_3/share/texmf-dist/tex/generic/pgfplots/oldpgfcompatib/pgfplotsoldpgfsupp_pgfutil-common-lists.tex)) (/usr/local/Cellar/texlive/20240312_3/share/texmf-dist/tex/generic/pgfplots/util/pgfplotsutil.code.tex (/usr/local/Cellar/texlive/20240312_3/share/texmf-dist/tex/generic/pgfplots/liststructure/pgfplotsliststructure.code.tex) (/usr/local/Cellar/texlive/20240312_3/share/texmf-dist/tex/generic/pgfplots/liststructure/pgfplotsliststructureext.code.tex) (/usr/local/Cellar/texlive/20240312_3/share/texmf-dist/tex/generic/pgfplots/liststructure/pgfplotsarray.code.tex
\c@pgfplotsarray@tmp=\count365
) (/usr/local/Cellar/texlive/20240312_3/share/texmf-dist/tex/generic/pgfplots/liststructure/pgfplotsmatrix.code.tex) (/usr/local/Cellar/texlive/20240312_3/share/texmf-dist/tex/generic/pgfplots/numtable/pgfplotstableshared.code.tex
\c@pgfplotstable@counta=\count366
\t@pgfplotstable@a=\toks61
) (/usr/local/Cellar/texlive/20240312_3/share/texmf-dist/tex/generic/pgfplots/liststructure/pgfplotsdeque.code.tex) (/usr/local/Cellar/texlive/20240312_3/share/texmf-dist/tex/generic/pgfplots/util/pgfplotsbinary.code.tex (/usr/local/Cellar/texlive/20240312_3/share/texmf-dist/tex/generic/pgfplots/util/pgfplotsbinary.data.code.tex)) (/usr/local/Cellar/texlive/20240312_3/share/texmf-dist/tex/generic/pgfplots/util/pgfplotsutil.verb.code.tex) (/usr/local/Cellar/texlive/20240312_3/share/texmf-dist/tex/generic/pgfplots/libs/pgflibrarypgfplots.surfshading.code.tex
\c@pgfplotslibrarysurf@no=\count367
 (/usr/local/Cellar/texlive/20240312_3/share/texmf-dist/tex/generic/pgfplots/sys/pgflibrarypgfplots.surfshading.pgfsys-pdftex.def))) (/usr/local/Cellar/texlive/20240312_3/share/texmf-dist/tex/generic/pgfplots/util/pgfplotscolormap.code.tex (/usr/local/Cellar/texlive/20240312_3/share/texmf-dist/tex/generic/pgfplots/util/pgfplotscolor.code.tex)) (/usr/local/Cellar/texlive/20240312_3/share/texmf-dist/tex/generic/pgfplots/pgfplotsstackedplots.code.tex) (/usr/local/Cellar/texlive/20240312_3/share/texmf-dist/tex/generic/pgfplots/pgfplotsplothandlers.code.tex
(/usr/local/Cellar/texlive/20240312_3/share/texmf-dist/tex/generic/pgfplots/pgfplotsmeshplothandler.code.tex (/usr/local/Cellar/texlive/20240312_3/share/texmf-dist/tex/generic/pgfplots/pgfplotsmeshplotimage.code.tex))) (/usr/local/Cellar/texlive/20240312_3/share/texmf-dist/tex/generic/pgfplots/pgfplots.scaling.code.tex) (/usr/local/Cellar/texlive/20240312_3/share/texmf-dist/tex/generic/pgfplots/pgfplotscoordprocessing.code.tex) (/usr/local/Cellar/texlive/20240312_3/share/texmf-dist/tex/generic/pgfplots/pgfplots.errorbars.code.tex) (/usr/local/Cellar/texlive/20240312_3/share/texmf-dist/tex/generic/pgfplots/pgfplots.markers.code.tex) (/usr/local/Cellar/texlive/20240312_3/share/texmf-dist/tex/generic/pgfplots/pgfplotsticks.code.tex) (/usr/local/Cellar/texlive/20240312_3/share/texmf-dist/tex/generic/pgfplots/pgfplots.paths.code.tex) (/usr/local/Cellar/texlive/20240312_3/share/texmf-dist/tex/generic/pgf/frontendlayer/tikz/libraries/tikzlibrarydecorations.code.tex (/usr/local/Cellar/texlive/20240312_3/share/texmf-dist/tex/generic/pgf/modules/pgfmoduledecorations.code.tex
\pgfdecoratedcompleteddistance=\dimen340
\pgfdecoratedremainingdistance=\dimen341
\pgfdecoratedinputsegmentcompleteddistance=\dimen342
\pgfdecoratedinputsegmentremainingdistance=\dimen343
\pgf@decorate@distancetomove=\dimen344
\pgf@decorate@repeatstate=\count368
\pgfdecorationsegmentamplitude=\dimen345
\pgfdecorationsegmentlength=\dimen346
)
\tikz@lib@dec@box=\box127
) (/usr/local/Cellar/texlive/20240312_3/share/texmf-dist/tex/generic/pgf/frontendlayer/tikz/libraries/tikzlibrarydecorations.pathmorphing.code.tex (/usr/local/Cellar/texlive/20240312_3/share/texmf-dist/tex/generic/pgf/libraries/decorations/pgflibrarydecorations.pathmorphing.code.tex)) (/usr/local/Cellar/texlive/20240312_3/share/texmf-dist/tex/generic/pgf/frontendlayer/tikz/libraries/tikzlibrarydecorations.pathreplacing.code.tex (/usr/local/Cellar/texlive/20240312_3/share/texmf-dist/tex/generic/pgf/libraries/decorations/pgflibrarydecorations.pathreplacing.code.tex)) (/usr/local/Cellar/texlive/20240312_3/share/texmf-dist/tex/generic/pgfplots/libs/tikzlibrarypgfplots.contourlua.code.tex)
\pgfplots@numplots=\count369
\pgfplots@xmin@reg=\dimen347
\pgfplots@xmax@reg=\dimen348
\pgfplots@ymin@reg=\dimen349
\pgfplots@ymax@reg=\dimen350
\pgfplots@zmin@reg=\dimen351
\pgfplots@zmax@reg=\dimen352
) (/usr/local/Cellar/texlive/20240312_3/share/texmf-dist/tex/generic/pgf/frontendlayer/tikz/libraries/tikzlibraryplotmarks.code.tex
File: tikzlibraryplotmarks.code.tex 2023-01-15 v3.1.10 (3.1.10)

(/usr/local/Cellar/texlive/20240312_3/share/texmf-dist/tex/generic/pgf/libraries/pgflibraryplotmarks.code.tex
File: pgflibraryplotmarks.code.tex 2023-01-15 v3.1.10 (3.1.10)
))) (/usr/local/Cellar/texlive/20240312_3/share/texmf-dist/tex/latex/mdframed/mdframed.sty
Package: mdframed 2013/07/01 1.9b: mdframed
 (/usr/local/Cellar/texlive/20240312_3/share/texmf-dist/tex/latex/l3packages/xparse/xparse.sty (/usr/local/Cellar/texlive/20240312_3/share/texmf-dist/tex/latex/l3kernel/expl3.sty
Package: expl3 2024-02-20 L3 programming layer (loader) 
 (/usr/local/Cellar/texlive/20240312_3/share/texmf-dist/tex/latex/l3backend/l3backend-pdftex.def
File: l3backend-pdftex.def 2024-02-20 L3 backend support: PDF output (pdfTeX)
\l__color_backend_stack_int=\count370
\l__pdf_internal_box=\box128
))
Package: xparse 2024-02-18 L3 Experimental document command parser
) (/usr/local/Cellar/texlive/20240312_3/share/texmf-dist/tex/latex/zref/zref-abspage.sty
Package: zref-abspage 2023-09-14 v2.35 Module abspage for zref (HO)
 (/usr/local/Cellar/texlive/20240312_3/share/texmf-dist/tex/latex/zref/zref-base.sty
Package: zref-base 2023-09-14 v2.35 Module base for zref (HO)
 (/usr/local/Cellar/texlive/20240312_3/share/texmf-dist/tex/generic/etexcmds/etexcmds.sty
Package: etexcmds 2019/12/15 v1.7 Avoid name clashes with e-TeX commands (HO)
)
Package zref Info: New property list: main on input line 767.
Package zref Info: New property: default on input line 768.
Package zref Info: New property: page on input line 769.
)
\c@abspage=\count371
Package zref Info: New property: abspage on input line 67.
) (/usr/local/Cellar/texlive/20240312_3/share/texmf-dist/tex/latex/needspace/needspace.sty
Package: needspace 2010/09/12 v1.3d reserve vertical space
)
\mdf@templength=\skip66
\c@mdf@globalstyle@cnt=\count372
\mdf@skipabove@length=\skip67
\mdf@skipbelow@length=\skip68
\mdf@leftmargin@length=\skip69
\mdf@rightmargin@length=\skip70
\mdf@innerleftmargin@length=\skip71
\mdf@innerrightmargin@length=\skip72
\mdf@innertopmargin@length=\skip73
\mdf@innerbottommargin@length=\skip74
\mdf@splittopskip@length=\skip75
\mdf@splitbottomskip@length=\skip76
\mdf@outermargin@length=\skip77
\mdf@innermargin@length=\skip78
\mdf@linewidth@length=\skip79
\mdf@innerlinewidth@length=\skip80
\mdf@middlelinewidth@length=\skip81
\mdf@outerlinewidth@length=\skip82
\mdf@roundcorner@length=\skip83
\mdf@footenotedistance@length=\skip84
\mdf@userdefinedwidth@length=\skip85
\mdf@needspace@length=\skip86
\mdf@frametitleaboveskip@length=\skip87
\mdf@frametitlebelowskip@length=\skip88
\mdf@frametitlerulewidth@length=\skip89
\mdf@frametitleleftmargin@length=\skip90
\mdf@frametitlerightmargin@length=\skip91
\mdf@shadowsize@length=\skip92
\mdf@extratopheight@length=\skip93
\mdf@subtitleabovelinewidth@length=\skip94
\mdf@subtitlebelowlinewidth@length=\skip95
\mdf@subtitleaboveskip@length=\skip96
\mdf@subtitlebelowskip@length=\skip97
\mdf@subtitleinneraboveskip@length=\skip98
\mdf@subtitleinnerbelowskip@length=\skip99
\mdf@subsubtitleabovelinewidth@length=\skip100
\mdf@subsubtitlebelowlinewidth@length=\skip101
\mdf@subsubtitleaboveskip@length=\skip102
\mdf@subsubtitlebelowskip@length=\skip103
\mdf@subsubtitleinneraboveskip@length=\skip104
\mdf@subsubtitleinnerbelowskip@length=\skip105
 (/usr/local/Cellar/texlive/20240312_3/share/texmf-dist/tex/latex/mdframed/md-frame-1.mdf
File: md-frame-1.mdf 2013/07/01\ 1.9b: md-frame-1
)
\mdf@frametitlebox=\box129
\mdf@footnotebox=\box130
\mdf@splitbox@one=\box131
\mdf@splitbox@two=\box132
\mdf@splitbox@save=\box133
\mdfsplitboxwidth=\skip106
\mdfsplitboxtotalwidth=\skip107
\mdfsplitboxheight=\skip108
\mdfsplitboxdepth=\skip109
\mdfsplitboxtotalheight=\skip110
\mdfframetitleboxwidth=\skip111
\mdfframetitleboxtotalwidth=\skip112
\mdfframetitleboxheight=\skip113
\mdfframetitleboxdepth=\skip114
\mdfframetitleboxtotalheight=\skip115
\mdffootnoteboxwidth=\skip116
\mdffootnoteboxtotalwidth=\skip117
\mdffootnoteboxheight=\skip118
\mdffootnoteboxdepth=\skip119
\mdffootnoteboxtotalheight=\skip120
\mdftotallinewidth=\skip121
\mdfboundingboxwidth=\skip122
\mdfboundingboxtotalwidth=\skip123
\mdfboundingboxheight=\skip124
\mdfboundingboxdepth=\skip125
\mdfboundingboxtotalheight=\skip126
\mdf@freevspace@length=\skip127
\mdf@horizontalwidthofbox@length=\skip128
\mdf@verticalmarginwhole@length=\skip129
\mdf@horizontalspaceofbox=\skip130
\mdfsubtitleheight=\skip131
\mdfsubsubtitleheight=\skip132
\c@mdfcountframes=\count373

****** mdframed patching \endmdf@trivlist

****** -- success******

\mdf@envdepth=\count374
\c@mdf@env@i=\count375
\c@mdf@env@ii=\count376
\c@mdf@zref@counter=\count377
Package zref Info: New property: mdf@pagevalue on input line 895.
)
Package thmtools Info: Key `mdframed' (with value ` linewidth=1pt, rightline=false, topline=false, bottomline=false, linecolor=ForestGreen, backgroundcolor=ForestGreen!5, ')
(thmtools)             is not a known style key.
(thmtools)             Will pass this to every \declaretheorem
(thmtools)             that uses `style=thmgreenbox' on input line 109.
Package thmtools Info: Key `mdframed' (with value ` linewidth=1pt, rightline=false, topline=false, bottomline=false, linecolor=NavyBlue, backgroundcolor=NavyBlue!5, ')
(thmtools)             is not a known style key.
(thmtools)             Will pass this to every \declaretheorem
(thmtools)             that uses `style=thmbluebox' on input line 118.
Package thmtools Info: Key `mdframed' (with value ` linewidth=1pt, rightline=false, topline=false, bottomline=false, linecolor=NavyBlue ')
(thmtools)             is not a known style key.
(thmtools)             Will pass this to every \declaretheorem
(thmtools)             that uses `style=thmblueline' on input line 127.
Package thmtools Info: Key `numbered' (with value `no')
(thmtools)             is not a known style key.
(thmtools)             Will pass this to every \declaretheorem
(thmtools)             that uses `style=thmbox' on input line 135.
Package thmtools Info: Key `mdframed' (with value ` rightline=true, topline=true, bottomline=true, ')
(thmtools)             is not a known style key.
(thmtools)             Will pass this to every \declaretheorem
(thmtools)             that uses `style=thmbox' on input line 135.
Package thmtools Info: Key `numbered' (with value `no')
(thmtools)             is not a known style key.
(thmtools)             Will pass this to every \declaretheorem
(thmtools)             that uses `style=thmproofbox' on input line 144.
Package thmtools Info: Key `qed' (with value `\qedsymbol ')
(thmtools)             is not a known style key.
(thmtools)             Will pass this to every \declaretheorem
(thmtools)             that uses `style=thmproofbox' on input line 144.
Package thmtools Info: Key `numbered' (with value `no')
(thmtools)             is not a known style key.
(thmtools)             Will pass this to every \declaretheorem
(thmtools)             that uses `style=thmexplanationbox' on input line 153.
Package thmtools Info: Key `mdframed' (with value ` rightline=false, topline=false, bottomline=false, linecolor=NavyBlue, backgroundcolor=NavyBlue!1, ')
(thmtools)             is not a known style key.
(thmtools)             Will pass this to every \declaretheorem
(thmtools)             that uses `style=thmexplanationbox' on input line 153.
Package thmtools Info: Automatically pulling in `thmdef-mdframed' on input line 161.
 (/usr/local/Cellar/texlive/20240312_3/share/texmf-dist/tex/latex/thmtools/thmdef-mdframed.sty
Package: thmdef-mdframed 2023/05/04 v0.76
)
\c@problem=\count378
 (/usr/local/Cellar/texlive/20240312_3/share/texmf-dist/tex/latex/xifthen/xifthen.sty
Package: xifthen 2015/11/05 v1.4.0 Extended ifthen features
 (/usr/local/Cellar/texlive/20240312_3/share/texmf-dist/tex/latex/base/ifthen.sty
Package: ifthen 2022/04/13 v1.1d Standard LaTeX ifthen package (DPC)
) (/usr/local/Cellar/texlive/20240312_3/share/texmf-dist/tex/latex/ifmtarg/ifmtarg.sty
Package: ifmtarg 2018/04/16 v1.2b check for an empty argument
)) (/usr/local/Cellar/texlive/20240312_3/share/texmf-dist/tex/latex/fancyhdr/fancyhdr.sty
Package: fancyhdr 2022/11/09 v4.1 Extensive control of page headers and footers
\f@nch@headwidth=\skip133
\f@nch@O@elh=\skip134
\f@nch@O@erh=\skip135
\f@nch@O@olh=\skip136
\f@nch@O@orh=\skip137
\f@nch@O@elf=\skip138
\f@nch@O@erf=\skip139
\f@nch@O@olf=\skip140
\f@nch@O@orf=\skip141
) (/usr/local/Cellar/texlive/20240312_3/share/texmf-dist/tex/latex/todonotes/todonotes.sty
Package: todonotes 2024/01/05 v1.1.7 Todonotes source and documentation.
Package: todonotes 2024/01/05
\c@@todonotes@numberoftodonotes=\count379
) (/usr/local/Cellar/texlive/20240312_3/share/texmf-dist/tex/latex/tcolorbox/tcolorbox.sty
Package: tcolorbox 2024/01/10 version 6.2.0 text color boxes
 (/usr/local/Cellar/texlive/20240312_3/share/texmf-dist/tex/latex/tools/verbatim.sty
Package: verbatim 2023-11-06 v1.5v LaTeX2e package for verbatim enhancements
\every@verbatim=\toks62
\verbatim@line=\toks63
\verbatim@in@stream=\read4
) (/usr/local/Cellar/texlive/20240312_3/share/texmf-dist/tex/latex/environ/environ.sty
Package: environ 2014/05/04 v0.3 A new way to define environments
 (/usr/local/Cellar/texlive/20240312_3/share/texmf-dist/tex/latex/trimspaces/trimspaces.sty
Package: trimspaces 2009/09/17 v1.1 Trim spaces around a token list
))
\tcb@titlebox=\box134
\tcb@upperbox=\box135
\tcb@lowerbox=\box136
\tcb@phantombox=\box137
\c@tcbbreakpart=\count380
\c@tcblayer=\count381
\c@tcolorbox@number=\count382
\l__tcobox_tmpa_box=\box138
\l__tcobox_tmpa_dim=\dimen353
\tcb@temp=\box139
\tcb@temp=\box140
\tcb@temp=\box141
\tcb@temp=\box142
) (/usr/local/Cellar/texlive/20240312_3/share/texmf-dist/tex/latex/tcolorbox/tcbbreakable.code.tex
Library (tcolorbox): 'tcbbreakable.code.tex' version '6.2.0'
(/usr/local/Cellar/texlive/20240312_3/share/texmf-dist/tex/latex/pdfcol/pdfcol.sty
Package: pdfcol 2022-09-21 v1.7 Handle new color stacks for pdfTeX (HO)
)
Package pdfcol Info: New color stack `tcb@breakable' = 1 on input line 23.
\tcb@testbox=\box143
\tcb@totalupperbox=\box144
\tcb@totallowerbox=\box145
) (/usr/local/Cellar/texlive/20240312_3/share/texmf-dist/tex/latex/pdfpages/pdfpages.sty
Package: pdfpages 2024/01/21 v0.5y Insert pages of external PDF documents (AM)
\AM@pagewidth=\dimen354
\AM@pageheight=\dimen355
\AM@fboxrule=\dimen356
 (/usr/local/Cellar/texlive/20240312_3/share/texmf-dist/tex/latex/pdfpages/pppdftex.def
File: pppdftex.def 2024/01/21 v0.5y Pdfpages driver for pdfTeX (AM)
)
\pdfpages@includegraphics@status=\count383
\AM@pagebox=\box146
\AM@global@opts=\toks64
\AM@pagecnt=\count384
\AM@toc@title=\toks65
\AM@lof@heading=\toks66
\c@AM@survey=\count385
\AM@templatesizebox=\box147
) (/usr/local/Cellar/texlive/20240312_3/share/texmf-dist/tex/latex/transparent/transparent.sty
Package: transparent 2022-10-27 v1.5 Transparency with color stacks
 (/usr/local/Cellar/texlive/20240312_3/share/texmf-dist/tex/latex/transparent/transparent-nometadata.sty
Package: transparent-nometadata 2022-10-27 v1.5 Transparency via pdfTeX's color stack (HO)
))) (./master.aux)
\openout1 = `master.aux'.

LaTeX Font Info:    Checking defaults for OML/cmm/m/it on input line 8.
LaTeX Font Info:    ... okay on input line 8.
LaTeX Font Info:    Checking defaults for OMS/cmsy/m/n on input line 8.
LaTeX Font Info:    ... okay on input line 8.
LaTeX Font Info:    Checking defaults for OT1/cmr/m/n on input line 8.
LaTeX Font Info:    ... okay on input line 8.
LaTeX Font Info:    Checking defaults for T1/cmr/m/n on input line 8.
LaTeX Font Info:    ... okay on input line 8.
LaTeX Font Info:    Checking defaults for TS1/cmr/m/n on input line 8.
LaTeX Font Info:    ... okay on input line 8.
LaTeX Font Info:    Checking defaults for OMX/cmex/m/n on input line 8.
LaTeX Font Info:    ... okay on input line 8.
LaTeX Font Info:    Checking defaults for U/cmr/m/n on input line 8.
LaTeX Font Info:    ... okay on input line 8.
LaTeX Font Info:    Checking defaults for PD1/pdf/m/n on input line 8.
LaTeX Font Info:    ... okay on input line 8.
LaTeX Font Info:    Checking defaults for PU/pdf/m/n on input line 8.
LaTeX Font Info:    ... okay on input line 8.
 (/usr/local/Cellar/texlive/20240312_3/share/texmf-dist/tex/context/base/mkii/supp-pdf.mkii
[Loading MPS to PDF converter (version 2006.09.02).]
\scratchcounter=\count386
\scratchdimen=\dimen357
\scratchbox=\box148
\nofMPsegments=\count387
\nofMParguments=\count388
\everyMPshowfont=\toks67
\MPscratchCnt=\count389
\MPscratchDim=\dimen358
\MPnumerator=\count390
\makeMPintoPDFobject=\count391
\everyMPtoPDFconversion=\toks68
) (/usr/local/Cellar/texlive/20240312_3/share/texmf-dist/tex/latex/epstopdf-pkg/epstopdf-base.sty
Package: epstopdf-base 2020-01-24 v2.11 Base part for package epstopdf
Package epstopdf-base Info: Redefining graphics rule for `.eps' on input line 485.
 (/usr/local/Cellar/texlive/20240312_3/share/texmf-dist/tex/latex/latexconfig/epstopdf-sys.cfg
File: epstopdf-sys.cfg 2010/07/13 v1.3 Configuration of (r)epstopdf for TeX Live
))
Package hyperref Info: Link coloring OFF on input line 8.
 (./master.out) (./master.out)
\@outlinefile=\write4
\openout4 = `master.out'.

Package caption Info: Begin \AtBeginDocument code.
Package caption Info: End \AtBeginDocument code.

*geometry* driver: auto-detecting
*geometry* detected driver: pdftex
*geometry* verbose mode - [ preamble ] result:
* driver: pdftex
* paper: a4paper
* layout: <same size as paper>
* layoutoffset:(h,v)=(0.0pt,0.0pt)
* modes: 
* h-part:(L,W,R)=(72.26999pt, 452.9679pt, 72.26999pt)
* v-part:(T,H,B)=(72.26999pt, 700.50687pt, 72.26999pt)
* \paperwidth=597.50787pt
* \paperheight=845.04684pt
* \textwidth=452.9679pt
* \textheight=700.50687pt
* \oddsidemargin=0.0pt
* \evensidemargin=0.0pt
* \topmargin=-37.0pt
* \headheight=12.0pt
* \headsep=25.0pt
* \topskip=10.0pt
* \footskip=30.0pt
* \marginparwidth=57.0pt
* \marginparsep=11.0pt
* \columnsep=10.0pt
* \skip\footins=9.0pt plus 4.0pt minus 2.0pt
* \hoffset=0.0pt
* \voffset=0.0pt
* \mag=1000
* \@twocolumnfalse
* \@twosidefalse
* \@mparswitchfalse
* \@reversemarginfalse
* (1in=72.27pt=25.4mm, 1cm=28.453pt)

(/usr/local/Cellar/texlive/20240312_3/share/texmf-dist/tex/latex/translations/translations-basic-dictionary-english.trsl
File: translations-basic-dictionary-english.trsl (english translation file `translations-basic-dictionary')
)
Package translations Info: loading dictionary `translations-basic-dictionary' for `english'. on input line 8.

Package pgfplots notification 'compat/show suggested version=true': you might benefit from \pgfplotsset{compat=1.18} (current compat level: 1.13).

(/usr/local/Cellar/texlive/20240312_3/share/texmf-dist/tex/latex/pdflscape/pdflscape.sty
Package: pdflscape 2022-10-27 v0.13 Display of landscape pages in PDF
 (/usr/local/Cellar/texlive/20240312_3/share/texmf-dist/tex/latex/pdflscape/pdflscape-nometadata.sty
Package: pdflscape-nometadata 2022-10-28 v0.13 Display of landscape pages in PDF (HO)
 (/usr/local/Cellar/texlive/20240312_3/share/texmf-dist/tex/latex/graphics/lscape.sty
Package: lscape 2020/05/28 v3.02 Landscape Pages (DPC)
)
Package pdflscape Info: Auto-detected driver: pdftex on input line 81.
))
LaTeX Font Info:    Trying to load font information for U+msa on input line 10.
 (/usr/local/Cellar/texlive/20240312_3/share/texmf-dist/tex/latex/amsfonts/umsa.fd
File: umsa.fd 2013/01/14 v3.01 AMS symbols A
)
LaTeX Font Info:    Trying to load font information for U+msb on input line 10.
 (/usr/local/Cellar/texlive/20240312_3/share/texmf-dist/tex/latex/amsfonts/umsb.fd
File: umsb.fd 2013/01/14 v3.01 AMS symbols B
)
LaTeX Font Info:    Trying to load font information for U+rsfs on input line 10.
 (/usr/local/Cellar/texlive/20240312_3/share/texmf-dist/tex/latex/jknapltx/ursfs.fd
File: ursfs.fd 1998/03/24 rsfs font definition file (jk)
)
LaTeX Font Info:    Trying to load font information for U+stmry on input line 10.
 (/usr/local/Cellar/texlive/20240312_3/share/texmf-dist/tex/latex/stmaryrd/Ustmry.fd) (./master.toc)
\tf@toc=\write5
\openout5 = `master.toc'.

 (./section/sec2a.tex
Package mdframed Info: mdframed detected package amsthm 
 changed the theorem header of amsthm
(mdframed)              on input line 4.
LaTeX Font Info:    Trying to load font information for T1+cmss on input line 4.
 (/usr/local/Cellar/texlive/20240312_3/share/texmf-dist/tex/latex/base/t1cmss.fd
File: t1cmss.fd 2023/04/13 v2.5m Standard LaTeX font definitions
)
Package hyperref Info: bookmark level for unknown definition defaults to 0 on input line 4.
Package mdframed Info: mdframed detected package amsthm 
 changed the theorem header of amsthm
(mdframed)              on input line 15.
Package mdframed Info: mdframed detected package amsthm 
 changed the theorem header of amsthm
(mdframed)              on input line 23.
Package hyperref Info: bookmark level for unknown prop defaults to 0 on input line 23.
Package mdframed Info: mdframed detected package amsthm 
 changed the theorem header of amsthm
(mdframed)              on input line 27.
 [1

{/usr/local/Cellar/texlive/20240312_3/share/texmf-dist/fonts/map/pdftex/updmap/pdftex.map}{/usr/local/Cellar/texlive/20240312_3/share/texmf-dist/fonts/enc/dvips/cm-super/cm-super-t1.enc}]
Package mdframed Info: Not enough space on this page on input line 29.
Package hyperref Info: bookmark level for unknown replacementproof defaults to 0 on input line 31.
Package mdframed Info: mdframed detected package amsthm 
 changed the theorem header of amsthm
(mdframed)              on input line 34.
Package mdframed Info: mdframed detected package amsthm 
 changed the theorem header of amsthm
(mdframed)              on input line 39.
Package mdframed Info: mdframed detected package amsthm 
 changed the theorem header of amsthm
(mdframed)              on input line 44.
Package mdframed Info: mdframed detected package amsthm 
 changed the theorem header of amsthm
(mdframed)              on input line 52.
Package mdframed Info: mdframed detected package amsthm 
 changed the theorem header of amsthm
(mdframed)              on input line 60.
Package mdframed Info: mdframed detected package amsthm 
 changed the theorem header of amsthm
(mdframed)              on input line 68.
Package mdframed Info: mdframed detected package amsthm 
 changed the theorem header of amsthm
(mdframed)              on input line 72.
Package mdframed Info: mdframed detected package amsthm 
 changed the theorem header of amsthm
(mdframed)              on input line 79.
) (./section/sec2b.tex

Package hyperref Warning: Token not allowed in a PDF string (Unicode):
(hyperref)                removing `math shift' on input line 1.

Package mdframed Info: mdframed detected package amsthm 
 changed the theorem header of amsthm
(mdframed)              on input line 3.
Package mdframed Info: Not enough space on this page on input line 11.
[2{/usr/local/Cellar/texlive/20240312_3/share/texmf-dist/fonts/enc/dvips/cm-super/cm-super-ts1.enc}]
Package mdframed Info: Not enough space on this page on input line 11.


Package hyperref Warning: Token not allowed in a PDF string (Unicode):
(hyperref)                removing `math shift' on input line 13.


Package hyperref Warning: Token not allowed in a PDF string (Unicode):
(hyperref)                removing `\sigma' on input line 13.

Package mdframed Info: mdframed detected package amsthm 
 changed the theorem header of amsthm
(mdframed)              on input line 15.
Package mdframed Info: mdframed detected package amsthm 
 changed the theorem header of amsthm
(mdframed)              on input line 24.
Package mdframed Info: mdframed detected package amsthm 
 changed the theorem header of amsthm
(mdframed)              on input line 33.

Overfull \hbox (9.57202pt too wide) in paragraph at lines 35--36
[]\T1/cmr/m/n/10 A \T1/cmr/bx/n/10 mea-sur-able space \T1/cmr/m/n/10 is an or-dered pair $\OT1/cmr/m/n/10 (\OML/cmm/m/it/10 X; \OMS/cmsy/m/n/10 S\OT1/cmr/m/n/10 )$\T1/cmr/m/n/10 ,
 []


Package hyperref Warning: Token not allowed in a PDF string (Unicode):
(hyperref)                removing `math shift' on input line 40.

Package mdframed Info: mdframed detected package amsthm 
 changed the theorem header of amsthm
(mdframed)              on input line 42.
Package mdframed Info: mdframed detected package amsthm 
 changed the theorem header of amsthm
(mdframed)              on input line 46.
Package mdframed Info: mdframed detected package amsthm 
 changed the theorem header of amsthm
(mdframed)              on input line 50.
Package mdframed Info: mdframed detected package amsthm 
 changed the theorem header of amsthm
(mdframed)              on input line 55.
[3]
Package mdframed Info: Not enough space on this page on input line 62.
Package mdframed Info: mdframed detected package amsthm 
 changed the theorem header of amsthm
(mdframed)              on input line 64.
Package mdframed Info: mdframed detected package amsthm 
 changed the theorem header of amsthm
(mdframed)              on input line 71.
Package mdframed Info: mdframed detected package amsthm 
 changed the theorem header of amsthm
(mdframed)              on input line 77.
Package mdframed Info: mdframed detected package amsthm 
 changed the theorem header of amsthm
(mdframed)              on input line 81.
Package mdframed Info: mdframed detected package amsthm 
 changed the theorem header of amsthm
(mdframed)              on input line 85.
Package mdframed Info: mdframed detected package amsthm 
 changed the theorem header of amsthm
(mdframed)              on input line 93.
Package mdframed Info: mdframed detected package amsthm 
 changed the theorem header of amsthm
(mdframed)              on input line 97.
Package mdframed Info: mdframed detected package amsthm 
 changed the theorem header of amsthm
(mdframed)              on input line 101.
Package mdframed Info: mdframed detected package amsthm 
 changed the theorem header of amsthm
(mdframed)              on input line 109.
 [4]
Package mdframed Info: Not enough space on this page on input line 113.
Package mdframed Info: mdframed detected package amsthm 
 changed the theorem header of amsthm
(mdframed)              on input line 115.
Package mdframed Info: mdframed detected package amsthm 
 changed the theorem header of amsthm
(mdframed)              on input line 119.
Package mdframed Info: mdframed detected package amsthm 
 changed the theorem header of amsthm
(mdframed)              on input line 123.
Package mdframed Info: mdframed detected package amsthm 
 changed the theorem header of amsthm
(mdframed)              on input line 129.
) (./section/sec2c.tex
Package mdframed Info: mdframed detected package amsthm 
 changed the theorem header of amsthm
(mdframed)              on input line 3.
Package mdframed Info: mdframed detected package amsthm 
 changed the theorem header of amsthm
(mdframed)              on input line 9.
Package mdframed Info: mdframed detected package amsthm 
 changed the theorem header of amsthm
(mdframed)              on input line 15.
 [5]
Package mdframed Info: mdframed detected package amsthm 
 changed the theorem header of amsthm
(mdframed)              on input line 23.
Package mdframed Info: mdframed detected package amsthm 
 changed the theorem header of amsthm
(mdframed)              on input line 28.
Package mdframed Info: mdframed detected package amsthm 
 changed the theorem header of amsthm
(mdframed)              on input line 33.
Package mdframed Info: mdframed detected package amsthm 
 changed the theorem header of amsthm
(mdframed)              on input line 38.
) (./section/sec2d.tex
Package mdframed Info: mdframed detected package amsthm 
 changed the theorem header of amsthm
(mdframed)              on input line 3.
Package mdframed Info: mdframed detected package amsthm 
 changed the theorem header of amsthm
(mdframed)              on input line 8.
Package mdframed Info: mdframed detected package amsthm 
 changed the theorem header of amsthm
(mdframed)              on input line 13.
Package mdframed Info: mdframed detected package amsthm 
 changed the theorem header of amsthm
(mdframed)              on input line 17.
Package mdframed Info: mdframed detected package amsthm 
 changed the theorem header of amsthm
(mdframed)              on input line 22.
 [6]
Package mdframed Info: Not enough space on this page on input line 24.
Package mdframed Info: mdframed detected package amsthm 
 changed the theorem header of amsthm
(mdframed)              on input line 26.
Package mdframed Info: mdframed detected package amsthm 
 changed the theorem header of amsthm
(mdframed)              on input line 30.
Package mdframed Info: mdframed detected package amsthm 
 changed the theorem header of amsthm
(mdframed)              on input line 36.
Package mdframed Info: mdframed detected package amsthm 
 changed the theorem header of amsthm
(mdframed)              on input line 40.
Package mdframed Info: mdframed detected package amsthm 
 changed the theorem header of amsthm
(mdframed)              on input line 54.
Package mdframed Info: mdframed detected package amsthm 
 changed the theorem header of amsthm
(mdframed)              on input line 61.
) [7] (./master.aux)
 ***********
LaTeX2e <2023-11-01> patch level 1
L3 programming layer <2024-02-20>
 ***********
Package rerunfilecheck Info: File `master.out' has not changed.
(rerunfilecheck)             Checksum: B3DC1ADDD33A8DD3F4B85CBCF54766E3;2858.
 ) 
Here is how much of TeX's memory you used:
 48060 strings out of 474116
 1141272 string characters out of 5734122
 1954187 words of memory out of 5000000
 69465 multiletter control sequences out of 15000+600000
 581750 words of font info for 105 fonts, out of 8000000 for 9000
 1141 hyphenation exceptions out of 8191
 125i,12n,134p,763b,1095s stack positions out of 10000i,1000n,20000p,200000b,200000s
</usr/local/Cellar/texlive/20240312_3/share/texmf-dist/fonts/type1/public/amsfonts/cm/cmex10.pfb></usr/local/Cellar/texlive/20240312_3/share/texmf-dist/fonts/type1/public/amsfonts/cm/cmmi10.pfb></usr/local/Cellar/texlive/20240312_3/share/texmf-dist/fonts/type1/public/amsfonts/cm/cmmi12.pfb></usr/local/Cellar/texlive/20240312_3/share/texmf-dist/fonts/type1/public/amsfonts/cm/cmmi7.pfb></usr/local/Cellar/texlive/20240312_3/share/texmf-dist/fonts/type1/public/amsfonts/cm/cmr10.pfb></usr/local/Cellar/texlive/20240312_3/share/texmf-dist/fonts/type1/public/amsfonts/cm/cmr5.pfb></usr/local/Cellar/texlive/20240312_3/share/texmf-dist/fonts/type1/public/amsfonts/cm/cmr7.pfb></usr/local/Cellar/texlive/20240312_3/share/texmf-dist/fonts/type1/public/amsfonts/cm/cmsy10.pfb></usr/local/Cellar/texlive/20240312_3/share/texmf-dist/fonts/type1/public/amsfonts/cm/cmsy7.pfb></usr/local/Cellar/texlive/20240312_3/share/texmf-dist/fonts/type1/public/amsfonts/symbols/msam10.pfb></usr/local/Cellar/texlive/20240312_3/share/texmf-dist/fonts/type1/public/amsfonts/symbols/msbm10.pfb></usr/local/Cellar/texlive/20240312_3/share/texmf-dist/fonts/type1/public/amsfonts/symbols/msbm7.pfb></usr/local/Cellar/texlive/20240312_3/share/texmf-dist/fonts/type1/public/cm-super/sfbx1000.pfb></usr/local/Cellar/texlive/20240312_3/share/texmf-dist/fonts/type1/public/cm-super/sfbx1200.pfb></usr/local/Cellar/texlive/20240312_3/share/texmf-dist/fonts/type1/public/cm-super/sfbx1440.pfb></usr/local/Cellar/texlive/20240312_3/share/texmf-dist/fonts/type1/public/cm-super/sfrm1000.pfb></usr/local/Cellar/texlive/20240312_3/share/texmf-dist/fonts/type1/public/cm-super/sfrm1200.pfb></usr/local/Cellar/texlive/20240312_3/share/texmf-dist/fonts/type1/public/cm-super/sfrm1728.pfb></usr/local/Cellar/texlive/20240312_3/share/texmf-dist/fonts/type1/public/cm-super/sfsl1000.pfb></usr/local/Cellar/texlive/20240312_3/share/texmf-dist/fonts/type1/public/cm-super/sfss1000.pfb></usr/local/Cellar/texlive/20240312_3/share/texmf-dist/font
s/type1/public/cm-super/sfsx1000.pfb>
Output written on master.pdf (7 pages, 286369 bytes).
PDF statistics:
 306 PDF objects out of 1000 (max. 8388607)
 251 compressed objects within 3 object streams
 78 named destinations out of 1000 (max. 500000)
 145 words of extra memory for PDF output out of 10000 (max. 10000000)

