\BOOKMARK [0][-]{chapter.1}{\376\377\000W\000e\000e\000k\000\040\0001}{}% 1
\BOOKMARK [1][-]{section.1.1}{\376\377\000L\000e\000c\000t\000u\000r\000e\000\040\0001}{chapter.1}% 2
\BOOKMARK [2][-]{subsection.1.1.1}{\376\377\000T\000o\000p\000i\000c\000s}{section.1.1}% 3
\BOOKMARK [1][-]{section.1.2}{\376\377\000L\000e\000c\000t\000u\000r\000e\000\040\0002\000-\0004}{chapter.1}% 4
\BOOKMARK [2][-]{subsection.1.2.1}{\376\377\000T\000o\000p\000i\000c\000s}{section.1.2}% 5
\BOOKMARK [2][-]{subsection.1.2.2}{\376\377\000P\000r\000o\000o\000f\000\040\000o\000f\000\040\000t\000h\000e\000\040\000I\000n\000t\000e\000r\000i\000o\000r\000\040\000E\000x\000t\000r\000e\000m\000u\000m\000\040\000T\000h\000e\000o\000r\000e\000m}{section.1.2}% 6
\BOOKMARK [0][-]{chapter.2}{\376\377\000W\000e\000e\000k\000\040\0002}{}% 7
\BOOKMARK [1][-]{section.2.1}{\376\377\000T\000o\000p\000i\000c\000s}{chapter.2}% 8
\BOOKMARK [2][-]{subsection.2.1.1}{\376\377\000O\000b\000s\000e\000r\000v\000a\000t\000i\000o\000n\000\040\0001}{section.2.1}% 9
\BOOKMARK [2][-]{subsection.2.1.2}{\376\377\000O\000b\000s\000e\000r\000v\000a\000t\000i\000o\000n\000\040\0002}{section.2.1}% 10
\BOOKMARK [2][-]{subsection.2.1.3}{\376\377\000A\000n\000s\000w\000e\000r\000s\000\040\000t\000o\000\040\000Q\0001\000\040\000a\000n\000d\000\040\000Q\0002}{section.2.1}% 11
\BOOKMARK [2][-]{subsection.2.1.4}{\376\377\000P\000r\000o\000o\000f\000\040\000o\000f\000\040\000o\000u\000r\000\040\000O\000b\000s\000e\000r\000v\000a\000t\000i\000o\000n}{section.2.1}% 12
\BOOKMARK [2][-]{subsection.2.1.5}{\376\377\000P\000r\000o\000o\000f\000\040\000o\000f\000\040\000T\000a\000y\000l\000o\000r\000'\000s\000\040\000T\000h\000e\000o\000r\000e\000m}{section.2.1}% 13
\BOOKMARK [0][-]{chapter.3}{\376\377\000W\000e\000e\000k\000\040\0003}{}% 14
\BOOKMARK [0][-]{chapter.4}{\376\377\000W\000e\000e\000k\000\040\0004}{}% 15
\BOOKMARK [1][-]{section.4.1}{\376\377\000L\000e\000c\000t\000u\000r\000e\000\040\0006}{chapter.4}% 16
\BOOKMARK [1][-]{section.4.2}{\376\377\000L\000e\000c\000t\000u\000r\000e\000\040\0006}{chapter.4}% 17
\BOOKMARK [2][-]{subsection.4.2.1}{\376\377\000T\000o\000p\000i\000c\000s}{section.4.2}% 18
\BOOKMARK [1][-]{section.4.3}{\376\377\000L\000e\000c\000t\000u\000r\000e\000\040\0008\000-\0009\000-\0001\0000}{chapter.4}% 19
\BOOKMARK [0][-]{chapter.5}{\376\377\000W\000e\000e\000k\000\040\0005}{}% 20
\BOOKMARK [1][-]{section.5.1}{\376\377\000L\000e\000c\000t\000u\000r\000e\000s\000\040\0001\0001\000-\0001\0002}{chapter.5}% 21
\BOOKMARK [2][-]{subsection.5.1.1}{\376\377\000P\000l\000a\000n}{section.5.1}% 22
\BOOKMARK [1][-]{section.5.2}{\376\377\000L\000e\000c\000t\000u\000r\000e\000s\000\040\0001\0003\000-\0001\0004}{chapter.5}% 23
\BOOKMARK [2][-]{subsection.5.2.1}{\376\377\000T\000o\000p\000i\000c\000s}{section.5.2}% 24
\BOOKMARK [0][-]{chapter.6}{\376\377\000W\000e\000e\000k\000\040\0006}{}% 25
\BOOKMARK [1][-]{section.6.1}{\376\377\000P\000l\000a\000n}{chapter.6}% 26
\BOOKMARK [0][-]{chapter.7}{\376\377\000W\000e\000e\000k\000\040\0007}{}% 27
\BOOKMARK [1][-]{section.7.1}{\376\377\000L\000e\000c\000t\000u\000r\000e\000s\000\040\0001\0007\000-\0001\0008}{chapter.7}% 28
\BOOKMARK [2][-]{subsection.7.1.1}{\376\377\000P\000l\000a\000n}{section.7.1}% 29
\BOOKMARK [1][-]{section.7.2}{\376\377\000L\000e\000c\000t\000u\000r\000e\000s\000\040\0002\0000\000-\0002\0001}{chapter.7}% 30
\BOOKMARK [2][-]{subsection.7.2.1}{\376\377\000P\000l\000a\000n}{section.7.2}% 31
\BOOKMARK [0][-]{chapter.8}{\376\377\000W\000e\000e\000k\000\040\0008}{}% 32
\BOOKMARK [0][-]{chapter.9}{\376\377\000W\000e\000e\000k\000\040\0009}{}% 33
\BOOKMARK [0][-]{chapter.10}{\376\377\000W\000e\000e\000k\000\040\0001\0000}{}% 34
\BOOKMARK [1][-]{section.10.1}{\376\377\000T\000o\000p\000i\000c\000s}{chapter.10}% 35
\BOOKMARK [2][-]{subsection.10.1.1}{\376\377\000A\000d\000d\000i\000t\000i\000o\000n\000a\000l\000\040\000R\000e\000m\000a\000r\000k\000s\000\040\000o\000n\000\040\000A\000r\000z\000e\000l\000a\000-\000A\000s\000c\000o\000l\000i}{section.10.1}% 36
\BOOKMARK [2][-]{subsection.10.1.2}{\376\377\000T\000h\000e\000\040\000S\000p\000a\000c\000e\000\040\000o\000f\000\040\000B\000o\000u\000n\000d\000e\000d\000\040\000a\000n\000d\000\040\000C\000o\000n\000t\000i\000n\000u\000o\000u\000s\000\040\000f\000u\000n\000c\000t\000i\000o\000n\000s\000\040\000i\000s\000\040\000a\000\040\000C\000o\000m\000p\000l\000e\000t\000e}{section.10.1}% 37
\BOOKMARK [2][-]{subsection.10.1.3}{\376\377\000W\000e\000i\000e\000r\000s\000t\000r\000a\000s\000s\000\040\000A\000p\000p\000r\000o\000x\000i\000m\000a\000t\000i\000o\000n\000\040\000T\000h\000e\000o\000r\000e\000m}{section.10.1}% 38
