\BOOKMARK [0][-]{chapter.1}{\376\377\000W\000e\000e\000k\000\040\0001}{}% 1
\BOOKMARK [1][-]{section.1.1}{\376\377\000L\000e\000c\000t\000u\000r\000e\000\040\0001}{chapter.1}% 2
\BOOKMARK [2][-]{subsection.1.1.1}{\376\377\000G\000o\000a\000l\000s\000\040\000o\000f\000\040\000C\000o\000u\000r\000s\000e}{section.1.1}% 3
\BOOKMARK [2][-]{subsection.1.1.2}{\376\377\000T\000h\000e\000\040\000S\000t\000r\000u\000c\000t\000u\000r\000e\000\040\000o\000f\000\040\000t\000h\000e\000\040\000R\000e\000a\000l\000\040\000N\000u\000m\000b\000e\000r\000s}{section.1.1}% 4
\BOOKMARK [2][-]{subsection.1.1.3}{\376\377\000T\000h\000e\000\040\000F\000i\000r\000s\000t\000\040\000D\000e\000f\000i\000n\000i\000n\000g\000\040\000P\000r\000o\000p\000e\000r\000t\000y}{section.1.1}% 5
\BOOKMARK [2][-]{subsection.1.1.4}{\376\377\000T\000h\000e\000\040\000S\000e\000c\000o\000n\000d\000\040\000D\000e\000f\000i\000n\000i\000n\000g\000\040\000P\000r\000o\000p\000e\000r\000t\000y}{section.1.1}% 6
\BOOKMARK [1][-]{section.1.2}{\376\377\000L\000e\000c\000t\000u\000r\000e\000\040\0002}{chapter.1}% 7
\BOOKMARK [2][-]{subsection.1.2.1}{\376\377\000R\000e\000v\000i\000e\000w\000\040\000o\000f\000\040\000L\000e\000a\000s\000t\000\040\000U\000p\000p\000e\000r\000\040\000B\000o\000u\000n\000d\000\040\000P\000r\000o\000p\000e\000r\000t\000y}{section.1.2}% 8
\BOOKMARK [2][-]{subsection.1.2.2}{\376\377\000C\000o\000n\000s\000e\000q\000u\000e\000n\000c\000e\000s\000\040\000o\000f\000\040\000L\000e\000a\000s\000t\000\040\000U\000p\000p\000e\000r\000\040\000B\000o\000u\000n\000d\000\040\000P\000r\000o\000p\000e\000r\000t\000y}{section.1.2}% 9
\BOOKMARK [0][-]{chapter.2}{\376\377\000W\000e\000e\000k\000\040\0002}{}% 10
\BOOKMARK [1][-]{section.2.1}{\376\377\000L\000e\000c\000t\000u\000r\000e\000\040\0003}{chapter.2}% 11
\BOOKMARK [2][-]{subsection.2.1.1}{\376\377\000T\000o\000p\000i\000c\000s}{section.2.1}% 12
\BOOKMARK [2][-]{subsection.2.1.2}{\376\377\000R\000e\000v\000i\000e\000w\000,\000\040\000E\000x\000i\000s\000t\000e\000n\000c\000e\000\040\000o\000f\000\040\000R\000o\000o\000t\000s}{section.2.1}% 13
\BOOKMARK [2][-]{subsection.2.1.3}{\376\377\000F\000u\000n\000c\000t\000i\000o\000n\000s\000,\000\040\000I\000n\000j\000e\000c\000t\000i\000v\000e\000,\000\040\000a\000n\000d\000\040\000S\000u\000r\000j\000e\000c\000t\000i\000v\000e}{section.2.1}% 14
\BOOKMARK [2][-]{subsection.2.1.4}{\376\377\000E\000q\000u\000i\000v\000a\000l\000e\000n\000t\000\040\000S\000e\000t\000s}{section.2.1}% 15
\BOOKMARK [2][-]{subsection.2.1.5}{\376\377\000F\000i\000n\000i\000t\000e\000,\000\040\000I\000n\000f\000i\000n\000i\000t\000e\000,\000\040\000C\000o\000u\000n\000t\000a\000b\000l\000e\000,\000\040\000A\000t\000\040\000m\000o\000s\000t\000\040\000c\000o\000u\000n\000t\000a\000b\000l\000e}{section.2.1}% 16
\BOOKMARK [0][-]{chapter.3}{\376\377\000W\000e\000e\000k\000\040\0003}{}% 17
\BOOKMARK [1][-]{section.3.1}{\376\377\000L\000e\000c\000t\000u\000r\000e\000\040\0004}{chapter.3}% 18
\BOOKMARK [2][-]{subsection.3.1.1}{\376\377\000T\000o\000p\000i\000c\000s}{section.3.1}% 19
\BOOKMARK [2][-]{subsection.3.1.2}{\376\377\000S\000e\000q\000u\000e\000n\000c\000e\000s}{section.3.1}% 20
\BOOKMARK [2][-]{subsection.3.1.3}{\376\377\000I\000n\000f\000i\000n\000i\000t\000e\000\040\000s\000u\000b\000s\000e\000t\000\040\000o\000f\000\040\000a\000\040\000c\000o\000u\000n\000t\000a\000b\000l\000e\000\040\000s\000e\000t\000\040\000i\000s\000\040\000c\000o\000u\000n\000t\000a\000b\000l\000e}{section.3.1}% 21
\BOOKMARK [2][-]{subsection.3.1.4}{\376\377\000C\000o\000u\000n\000t\000a\000b\000l\000e\000\040\000u\000n\000i\000o\000n\000\040\000o\000f\000\040\000a\000t\000\040\000m\000o\000s\000t\000\040\000c\000o\000u\000n\000t\000a\000b\000l\000e\000\040\000s\000e\000t\000s\000\040\000i\000s\000\040\000a\000t\000\040\000m\000o\000s\000t\000\040\000c\000o\000u\000n\000t\000a\000b\000l\000e}{section.3.1}% 22
\BOOKMARK [1][-]{section.3.2}{\376\377\000L\000e\000c\000t\000u\000r\000e\000\040\0005}{chapter.3}% 23
\BOOKMARK [2][-]{subsection.3.2.1}{\376\377\000T\000o\000p\000i\000c\000s}{section.3.2}% 24
\BOOKMARK [2][-]{subsection.3.2.2}{\376\377\000S\000u\000m\000m\000a\000r\000y\000\040\000o\000f\000\040\000L\000a\000s\000t\000\040\000L\000e\000c\000t\000u\000r\000e}{section.3.2}% 25
\BOOKMARK [2][-]{subsection.3.2.3}{\376\377\000P\000r\000e\000l\000i\000m\000i\000n\000a\000r\000y\000\040\000R\000e\000m\000a\000r\000k\000s}{section.3.2}% 26
\BOOKMARK [2][-]{subsection.3.2.4}{\376\377\000M\000e\000t\000r\000i\000c\000\040\000S\000p\000a\000c\000e\000s}{section.3.2}% 27
\BOOKMARK [0][-]{chapter.4}{\376\377\000W\000e\000e\000k\000\040\0004}{}% 28
\BOOKMARK [1][-]{section.4.1}{\376\377\000L\000e\000c\000t\000u\000r\000e\000\040\0006}{chapter.4}% 29
\BOOKMARK [2][-]{subsection.4.1.1}{\376\377\000A\000\040\000f\000e\000w\000\040\000e\000x\000a\000m\000p\000l\000e\000s\000\040\000o\000f\000\040\000M\000e\000t\000r\000i\000c\000s}{section.4.1}% 30
\BOOKMARK [2][-]{subsection.4.1.2}{\376\377\000I\000n\000e\000q\000u\000a\000l\000i\000t\000i\000e\000s}{section.4.1}% 31
\BOOKMARK [1][-]{section.4.2}{\376\377\000L\000e\000c\000t\000u\000r\000e\000\040\0007}{chapter.4}% 32
\BOOKMARK [2][-]{subsection.4.2.1}{\376\377\000T\000o\000p\000i\000c\000s}{section.4.2}% 33
\BOOKMARK [2][-]{subsection.4.2.2}{\376\377\000I\000n\000e\000q\000u\000a\000l\000i\000t\000i\000e\000s}{section.4.2}% 34
\BOOKMARK [2][-]{subsection.4.2.3}{\376\377\000M\000i\000n\000k\000o\000w\000s\000k\000i}{section.4.2}% 35
\BOOKMARK [2][-]{subsection.4.2.4}{\376\377\000M\000i\000n\000k\000o\000w\000s\000k\000i\000\040\000f\000o\000r\000\040\000G\000e\000n\000e\000r\000a\000l\000\040\000p}{section.4.2}% 36
\BOOKMARK [2][-]{subsection.4.2.5}{\376\377\000\040\000\050\000x\000+\0001\000\051\000n\000\040}{section.4.2}% 37
\BOOKMARK [2][-]{subsection.4.2.6}{\376\377\000\040\000p\000-\000\040\000m\000e\000a\000n\000s}{section.4.2}% 38
\BOOKMARK [2][-]{subsection.4.2.7}{\376\377\000J\000e\000n\000s\000e\000n\000'\000s\000\040\000I\000n\000e\000q\000u\000a\000l\000i\000t\000y}{section.4.2}% 39
\BOOKMARK [2][-]{subsection.4.2.8}{\376\377\000N\000e\000i\000g\000h\000b\000o\000r\000h\000o\000o\000d\000\040\000o\000f\000\040\000a\000\040\000p\000o\000i\000n\000t}{section.4.2}% 40
\BOOKMARK [2][-]{subsection.4.2.9}{\376\377\000L\000i\000m\000i\000t\000\040\000P\000o\000i\000n\000t\000s}{section.4.2}% 41
\BOOKMARK [0][-]{chapter.5}{\376\377\000W\000e\000e\000k\000\040\0005}{}% 42
\BOOKMARK [1][-]{subsection.5.0.1}{\376\377\000T\000o\000p\000i\000c\000s}{chapter.5}% 43
\BOOKMARK [0][-]{chapter.6}{\376\377\000W\000e\000e\000k\000\040\0006}{}% 44
\BOOKMARK [1][-]{section.6.1}{\376\377\000L\000e\000c\000t\000u\000r\000e\000\040\0001\0000}{chapter.6}% 45
\BOOKMARK [1][-]{section.6.2}{\376\377\000L\000e\000c\000t\000u\000r\000e\000\040\0001\0001}{chapter.6}% 46
\BOOKMARK [2][-]{subsection.6.2.1}{\376\377\000T\000o\000p\000i\000c\000s}{section.6.2}% 47
\BOOKMARK [0][-]{chapter.7}{\376\377\000W\000e\000e\000k\000\040\0007}{}% 48
\BOOKMARK [1][-]{section.7.1}{\376\377\000L\000e\000c\000t\000u\000r\000e\000\040\0001\0002}{chapter.7}% 49
\BOOKMARK [2][-]{subsection.7.1.1}{\376\377\000T\000o\000p\000i\000c\000s}{section.7.1}% 50
\BOOKMARK [1][-]{section.7.2}{\376\377\000L\000e\000c\000t\000u\000r\000e\000\040\0001\0003}{chapter.7}% 51
\BOOKMARK [2][-]{subsection.7.2.1}{\376\377\000T\000o\000p\000i\000c\000s}{section.7.2}% 52
\BOOKMARK [2][-]{subsection.7.2.2}{\376\377\000T\000h\000e\000\040\000C\000a\000n\000t\000o\000r\000\040\000S\000e\000t}{section.7.2}% 53
\BOOKMARK [0][-]{chapter.8}{\376\377\000W\000e\000e\000k\000\040\0008}{}% 54
\BOOKMARK [1][-]{section.8.1}{\376\377\000L\000e\000c\000t\000u\000r\000e\000\040\0001\0004}{chapter.8}% 55
\BOOKMARK [2][-]{subsection.8.1.1}{\376\377\000T\000o\000p\000i\000c\000s}{section.8.1}% 56
\BOOKMARK [1][-]{section.8.2}{\376\377\000L\000e\000c\000t\000u\000r\000e\000\040\0001\0005}{chapter.8}% 57
\BOOKMARK [0][-]{chapter.9}{\376\377\000W\000e\000e\000k\000\040\0009}{}% 58
\BOOKMARK [1][-]{section.9.1}{\376\377\000L\000e\000c\000t\000u\000r\000e\000\040\0001\0006}{chapter.9}% 59
\BOOKMARK [2][-]{subsection.9.1.1}{\376\377\000T\000o\000p\000i\000c\000s}{section.9.1}% 60
\BOOKMARK [1][-]{section.9.2}{\376\377\000L\000e\000c\000t\000u\000r\000e\000\040\0001\0007}{chapter.9}% 61
\BOOKMARK [2][-]{subsection.9.2.1}{\376\377\000T\000o\000p\000i\000c\000s}{section.9.2}% 62
\BOOKMARK [2][-]{subsection.9.2.2}{\376\377\000E\000x\000t\000e\000n\000d\000e\000d\000\040\000R\000e\000a\000l\000\040\000N\000u\000m\000b\000e\000r\000s}{section.9.2}% 63
\BOOKMARK [0][-]{chapter.10}{\376\377\000W\000e\000e\000k\000\040\0001\0000}{}% 64
\BOOKMARK [1][-]{section.10.1}{\376\377\000L\000e\000c\000t\000u\000r\000e\000\040\0001\0008\000-\0001\0009}{chapter.10}% 65
\BOOKMARK [2][-]{subsection.10.1.1}{\376\377\000T\000o\000p\000i\000c\000s}{section.10.1}% 66
\BOOKMARK [2][-]{subsection.10.1.2}{\376\377\000F\000i\000r\000s\000t\000\040\000C\000h\000a\000r\000a\000c\000t\000e\000r\000i\000z\000a\000t\000i\000o\000n\000\040\000o\000f\000\040\000L\000i\000m\000s\000u\000p\000\040\000a\000n\000d\000\040\000L\000i\000m\000i\000n\000f}{section.10.1}% 67
\BOOKMARK [2][-]{subsection.10.1.3}{\376\377\000S\000e\000c\000o\000n\000d\000\040\000C\000h\000a\000r\000a\000c\000t\000e\000r\000i\000z\000a\000t\000i\000o\000n\000\040\000o\000f\000\040\000L\000i\000m\000s\000u\000p\000\040\000a\000n\000d\000\040\000L\000i\000m\000i\000n\000f}{section.10.1}% 68
\BOOKMARK [0][-]{chapter.11}{\376\377\000W\000e\000e\000k\000\040\0001\0001}{}% 69
\BOOKMARK [1][-]{section.11.1}{\376\377\000L\000e\000c\000t\000u\000r\000e\000\040\0002\0000\000-\0002\0001}{chapter.11}% 70
\BOOKMARK [2][-]{subsection.11.1.1}{\376\377\000T\000o\000p\000i\000c\000s}{section.11.1}% 71
\BOOKMARK [2][-]{subsection.11.1.2}{\376\377\000T\000e\000l\000e\000s\000c\000o\000p\000i\000n\000g\000\040\000S\000e\000r\000i\000e\000s}{section.11.1}% 72
\BOOKMARK [2][-]{subsection.11.1.3}{\376\377\000G\000e\000o\000m\000e\000t\000r\000i\000c\000\040\000S\000e\000r\000i\000e\000s}{section.11.1}% 73
\BOOKMARK [1][-]{section.11.2}{\376\377\000L\000e\000c\000t\000u\000r\000e\000\040\0002\0001\000-\0002\0002}{chapter.11}% 74
\BOOKMARK [2][-]{subsection.11.2.1}{\376\377\000T\000o\000p\000i\000c\000s}{section.11.2}% 75
\BOOKMARK [2][-]{subsection.11.2.2}{\376\377\000A\000p\000p\000l\000i\000c\000a\000t\000i\000o\000n\000s\000\040\000o\000f\000\040\000t\000h\000e\000\040\000C\000a\000u\000c\000h\000y\000-\000C\000o\000n\000d\000e\000n\000s\000a\000t\000i\000o\000n\000\040\000T\000e\000s\000t}{section.11.2}% 76
\BOOKMARK [2][-]{subsection.11.2.3}{\376\377\000R\000e\000a\000r\000r\000a\000n\000g\000e\000m\000e\000n\000t\000s}{section.11.2}% 77
\BOOKMARK [0][-]{chapter.12}{\376\377\000W\000e\000e\000k\000\040\0001\0002}{}% 78
\BOOKMARK [1][-]{section.12.1}{\376\377\000T\000o\000p\000i\000c\000s}{chapter.12}% 79
\BOOKMARK [1][-]{section.12.2}{\376\377\000L\000i\000m\000i\000t\000s\000\040\000a\000n\000d\000\040\000C\000o\000n\000t\000i\000n\000u\000i\000t\000y}{chapter.12}% 80
\BOOKMARK [1][-]{section.12.3}{\376\377\000L\000i\000m\000i\000t\000s\000\040\000o\000f\000\040\000F\000u\000n\000c\000t\000i\000o\000n\000s}{chapter.12}% 81
\BOOKMARK [1][-]{section.12.4}{\376\377\000S\000e\000q\000u\000e\000n\000t\000i\000a\000l\000\040\000C\000r\000i\000t\000e\000r\000i\000o\000n\000\040\000f\000o\000r\000\040\000L\000i\000m\000i\000t\000s\000\040\000o\000f\000\040\000F\000u\000n\000c\000t\000i\000o\000n\000s}{chapter.12}% 82
\BOOKMARK [1][-]{section.12.5}{\376\377\000C\000o\000n\000t\000i\000n\000u\000o\000u\000s\000\040\000F\000u\000n\000c\000t\000i\000o\000n\000s}{chapter.12}% 83
\BOOKMARK [0][-]{chapter.13}{\376\377\000W\000e\000e\000k\000\040\0001\0003}{}% 84
\BOOKMARK [1][-]{section.13.1}{\376\377\000T\000o\000p\000i\000c\000s}{chapter.13}% 85
\BOOKMARK [1][-]{section.13.2}{\376\377\000T\000o\000p\000o\000l\000o\000g\000i\000c\000a\000l\000\040\000C\000o\000n\000t\000i\000n\000u\000i\000t\000y}{chapter.13}% 86
\BOOKMARK [1][-]{section.13.3}{\376\377\000C\000o\000n\000t\000i\000n\000u\000i\000t\000y\000\040\000a\000n\000d\000\040\000C\000o\000m\000p\000a\000c\000t\000n\000e\000s\000s}{chapter.13}% 87
\BOOKMARK [1][-]{section.13.4}{\376\377\000C\000o\000n\000t\000i\000n\000u\000i\000t\000y\000\040\000a\000n\000d\000\040\000C\000o\000n\000n\000e\000c\000t\000e\000d\000n\000e\000s\000s}{chapter.13}% 88
\BOOKMARK [1][-]{section.13.5}{\376\377\000C\000o\000n\000t\000i\000n\000u\000i\000t\000y\000\040\000a\000n\000d\000\040\000I\000n\000v\000e\000r\000s\000e\000\040\000M\000a\000p\000s}{chapter.13}% 89
\BOOKMARK [1][-]{section.13.6}{\376\377\000U\000n\000i\000f\000o\000r\000m\000\040\000C\000o\000n\000t\000i\000n\000u\000i\000t\000y}{chapter.13}% 90
\BOOKMARK [0][-]{chapter.14}{\376\377\000W\000e\000e\000k\000\040\0001\0004}{}% 91
\BOOKMARK [1][-]{section.14.1}{\376\377\000T\000o\000p\000i\000c\000s}{chapter.14}% 92
\BOOKMARK [1][-]{section.14.2}{\376\377\000T\000y\000p\000e\000s\000\040\000o\000f\000\040\000D\000i\000s\000c\000o\000n\000t\000i\000n\000u\000i\000t\000i\000e\000s}{chapter.14}% 93
\BOOKMARK [1][-]{section.14.3}{\376\377\000L\000i\000m\000i\000t\000s\000\040\000o\000f\000\040\000M\000o\000n\000o\000t\000o\000n\000e\000\040\000F\000u\000n\000c\000t\000i\000o\000n\000s}{chapter.14}% 94
\BOOKMARK [1][-]{section.14.4}{\376\377\000L\000i\000m\000i\000t\000s\000\040\000I\000n\000v\000o\000l\000v\000i\000n\000g\000\040\000I\000n\000f\000i\000n\000i\000t\000y}{chapter.14}% 95
